TN:
SF:script/01_DeployPerpsEngine.s.sol
FN:35,DeployPerpsEngine.run
FNDA:0,DeployPerpsEngine.run
DA:36,0
DA:36,0
DA:37,0
DA:37,0
DA:39,0
DA:39,0
DA:41,0
DA:41,0
DA:41,0
DA:42,0
DA:42,0
DA:42,0
DA:44,0
DA:44,0
DA:45,0
DA:45,0
DA:46,0
DA:46,0
DA:46,0
DA:47,0
DA:47,0
DA:48,0
DA:48,0
DA:50,0
DA:50,0
DA:50,0
DA:56,0
DA:56,0
DA:57,0
DA:57,0
FNF:1
FNH:0
LF:13
LH:0
BRF:0
BRH:0
end_of_record
TN:
SF:script/02_ConfigurePerpsEngine.s.sol
FN:30,ConfigurePerpsEngine.run
FNDA:0,ConfigurePerpsEngine.run
DA:31,0
DA:31,0
DA:32,0
DA:32,0
DA:33,0
DA:33,0
DA:34,0
DA:34,0
DA:35,0
DA:35,0
DA:37,0
DA:37,0
FN:40,ConfigurePerpsEngine.configureContracts
FNDA:0,ConfigurePerpsEngine.configureContracts
DA:41,0
DA:41,0
DA:43,0
DA:43,0
DA:45,0
DA:45,0
DA:47,0
DA:47,0
DA:58,0
DA:58,0
DA:59,0
DA:59,0
DA:60,0
DA:60,0
DA:62,0
DA:62,0
DA:64,0
DA:64,0
DA:64,0
DA:65,0
DA:65,0
DA:67,0
DA:67,0
DA:67,0
DA:68,0
DA:68,0
DA:68,0
DA:70,0
DA:70,0
DA:71,0
DA:71,0
DA:73,0
DA:73,0
DA:75,0
DA:75,0
FNF:2
FNH:0
LF:22
LH:0
BRF:0
BRH:0
end_of_record
TN:
SF:script/03_CreatePerpMarkets.s.sol
FN:30,CreatePerpMarkets.run
FNDA:0,CreatePerpMarkets.run
DA:31,0
DA:31,0
DA:32,0
DA:32,0
DA:34,0
DA:34,0
DA:35,0
DA:35,0
DA:36,0
DA:36,0
DA:38,0
DA:38,0
DA:40,0
DA:40,0
DA:40,0
DA:42,0
DA:42,0
DA:42,0
DA:43,0
DA:43,0
DA:45,0
DA:45,0
DA:45,0
DA:45,0
DA:46,0
DA:46,0
DA:46,0
DA:49,0
DA:49,0
DA:49,0
DA:53,0
DA:53,0
DA:60,0
DA:60,0
DA:60,0
DA:68,0
DA:68,0
DA:68,0
DA:76,0
DA:76,0
FN:98,CreatePerpMarkets.deployMarketOrderKeeper
FNDA:0,CreatePerpMarkets.deployMarketOrderKeeper
DA:106,0
DA:106,0
FNF:2
FNH:0
LF:17
LH:0
BRF:0
BRH:0
end_of_record
TN:
SF:script/dev/DeployMockTokens.s.sol
FN:10,DeployMockTokens.run
FNDA:0,DeployMockTokens.run
DA:11,0
DA:11,0
DA:12,0
DA:12,0
DA:13,0
DA:13,0
DA:14,0
DA:14,0
DA:16,0
DA:16,0
FNF:1
FNH:0
LF:5
LH:0
BRF:0
BRH:0
end_of_record
TN:
SF:script/margin-collaterals/MarginCollaterals.sol
FN:36,MarginCollaterals.setupMarginCollaterals
FNDA:1,MarginCollaterals.setupMarginCollaterals
DA:37,1
DA:37,1
DA:37,1
DA:51,1
DA:51,1
DA:53,1
DA:53,1
DA:53,1
DA:67,1
DA:67,1
DA:69,1
DA:69,1
DA:69,1
DA:83,1
DA:83,1
DA:85,1
DA:85,1
DA:85,1
DA:99,1
DA:99,1
DA:101,1
DA:101,1
DA:101,1
DA:115,1
DA:115,1
DA:117,1
DA:117,1
DA:117,1
DA:131,1
DA:131,1
FN:134,MarginCollaterals.getFilteredMarginCollateralsConfig
FNDA:1,MarginCollaterals.getFilteredMarginCollateralsConfig
DA:139,1
DA:139,1
DA:140,1
DA:140,1
DA:141,1
DA:141,1
DA:141,1
DA:141,1
DA:143,1
DA:143,1
DA:143,1
DA:145,1
DA:145,1
DA:146,1
DA:146,1
DA:146,7
DA:146,6
DA:147,6
DA:147,6
DA:148,6
DA:148,6
DA:151,1
DA:151,1
FN:154,MarginCollaterals.configureMarginCollaterals
FNDA:1,MarginCollaterals.configureMarginCollaterals
DA:162,1
DA:162,1
DA:164,1
DA:164,1
DA:165,1
DA:165,1
DA:167,1
DA:167,1
DA:167,1
DA:169,1
DA:169,1
DA:169,7
DA:169,6
DA:170,6
DA:170,6
DA:170,6
DA:172,6
DA:172,6
DA:173,6
DA:173,6
DA:174,6
DA:174,6
DA:176,6
BRDA:176,0,0,-
BRDA:176,0,1,6
DA:177,6
DA:177,6
BRDA:177,1,0,-
BRDA:177,1,1,1
DA:178,1
DA:178,1
DA:180,5
DA:180,5
DA:190,6
DA:190,6
DA:192,6
DA:192,6
DA:192,6
DA:197,6
DA:197,6
DA:199,6
DA:199,6
DA:201,6
DA:201,6
DA:203,6
DA:203,6
DA:204,6
DA:204,6
DA:207,6
DA:207,6
DA:210,6
DA:210,6
DA:219,1
DA:219,1
FNF:3
FNH:3
LF:44
LH:44
BRF:4
BRH:2
end_of_record
TN:
SF:script/markets/Markets.sol
FN:78,Markets.setupMarketsConfig
FNDA:1,Markets.setupMarketsConfig
DA:79,1
DA:79,1
DA:99,1
DA:99,1
DA:119,1
DA:119,1
DA:139,1
DA:139,1
DA:159,1
DA:159,1
DA:179,1
DA:179,1
DA:199,1
DA:199,1
DA:219,1
DA:219,1
DA:239,1
DA:239,1
DA:259,1
DA:259,1
FN:280,Markets.getFilteredMarketsConfig
FNDA:0,Markets.getFilteredMarketsConfig
DA:285,0
DA:285,0
DA:286,0
DA:286,0
DA:287,0
DA:287,0
DA:287,0
DA:287,0
DA:289,0
DA:289,0
DA:289,0
DA:291,0
DA:291,0
DA:292,0
DA:292,0
DA:292,0
DA:292,0
DA:293,0
DA:293,0
DA:294,0
DA:294,0
DA:297,0
DA:297,0
FN:300,Markets.createPerpMarkets
FNDA:0,Markets.createPerpMarkets
DA:310,1
DA:310,1
DA:310,11
DA:310,10
DA:311,10
DA:311,10
DA:311,10
DA:312,10
DA:312,10
DA:312,10
DA:316,10
DA:316,10
DA:316,10
DA:319,10
DA:319,10
DA:319,10
DA:327,10
DA:327,10
DA:327,10
DA:336,10
DA:336,10
DA:336,10
DA:340,10
DA:340,10
DA:342,10
DA:342,10
FN:364,Markets.deployMarketOrderKeeper
FNDA:10,Markets.deployMarketOrderKeeper
DA:373,10
DA:373,10
DA:386,10
DA:386,10
FNF:4
FNH:2
LF:30
LH:21
BRF:0
BRH:0
end_of_record
TN:
SF:script/sequencer-uptime-feeds/SequencerUptimeFeeds.sol
FN:11,SequencerUptimeFeeds.configureSequencerUptimeFeeds
FNDA:1,SequencerUptimeFeeds.configureSequencerUptimeFeeds
DA:12,1
DA:12,1
DA:12,1
DA:13,1
DA:13,1
DA:15,1
DA:15,1
DA:15,1
DA:16,1
DA:16,1
DA:18,1
DA:18,1
FNF:1
FNH:1
LF:5
LH:5
BRF:0
BRH:0
end_of_record
TN:
SF:script/testnet/DeployTestnetTokens.s.sol
FN:17,DeployTestnetTokens.run
FNDA:0,DeployTestnetTokens.run
DA:18,0
DA:18,0
DA:18,0
DA:20,0
DA:20,0
DA:21,0
DA:21,0
DA:22,0
DA:22,0
DA:23,0
DA:23,0
DA:25,0
DA:25,0
DA:25,0
DA:26,0
DA:26,0
DA:26,0
DA:28,0
DA:28,0
DA:29,0
DA:29,0
DA:30,0
DA:30,0
FNF:1
FNH:0
LF:10
LH:0
BRF:0
BRH:0
end_of_record
TN:
SF:script/testnet/UpgradeBranches.s.sol
FN:32,UpgradeBranches.run
FNDA:0,UpgradeBranches.run
DA:36,0
DA:36,0
DA:36,0
DA:42,0
DA:42,0
DA:42,0
DA:50,0
DA:50,0
DA:50,0
DA:52,0
DA:52,0
DA:53,0
DA:53,0
DA:77,0
DA:77,0
DA:86,0
DA:86,0
DA:118,0
DA:118,0
DA:120,0
DA:120,0
FNF:1
FNH:0
LF:9
LH:0
BRF:0
BRH:0
end_of_record
TN:
SF:script/testnet/UpgradeUUPS.s.sol
FN:27,UpgradeUUPS.run
FNDA:0,UpgradeUUPS.run
DA:30,0
DA:30,0
DA:33,0
DA:33,0
DA:33,0
DA:35,0
DA:35,0
FNF:1
FNH:0
LF:3
LH:0
BRF:0
BRH:0
end_of_record
TN:
SF:script/utils/ChainlinkAutomationUtils.sol
FN:35,ChainlinkAutomationUtils.getLiquidationKeeperConfig
FNDA:0,ChainlinkAutomationUtils.getLiquidationKeeperConfig
DA:40,0
DA:40,0
DA:41,0
DA:41,0
DA:43,0
DA:43,0
DA:44,0
DA:44,0
DA:46,0
DA:46,0
DA:47,0
DA:47,0
FN:50,ChainlinkAutomationUtils.registerLiquidationKeeper
FNDA:0,ChainlinkAutomationUtils.registerLiquidationKeeper
DA:60,0
DA:60,0
DA:60,0
DA:61,0
DA:61,0
DA:62,0
DA:62,0
DA:64,0
DA:64,0
DA:64,0
DA:76,0
DA:76,0
FN:79,ChainlinkAutomationUtils.deployLiquidationKeeper
FNDA:0,ChainlinkAutomationUtils.deployLiquidationKeeper
DA:80,0
DA:80,0
DA:80,0
DA:82,0
DA:82,0
DA:82,0
DA:91,0
DA:91,0
FNF:3
FNH:0
LF:14
LH:0
BRF:0
BRH:0
end_of_record
TN:
SF:script/utils/DisperseETH.s.sol
FN:25,DisperseETH.run
FNDA:0,DisperseETH.run
DA:26,0
DA:26,0
DA:27,0
DA:27,0
DA:27,0
DA:29,0
DA:29,0
DA:29,0
DA:29,0
DA:30,0
DA:30,0
DA:33,0
DA:33,0
FNF:1
FNH:0
LF:5
LH:0
BRF:0
BRH:0
end_of_record
TN:
SF:script/utils/DisperseTokens.s.sol
FN:12,DisperseTokens.run
FNDA:0,DisperseTokens.run
DA:13,0
DA:13,0
DA:13,0
DA:14,0
DA:14,0
DA:14,0
DA:15,0
DA:15,0
BRDA:15,0,0,-
BRDA:15,0,1,-
DA:16,0
DA:16,0
DA:16,0
DA:17,0
DA:17,0
DA:17,0
DA:17,0
DA:19,0
DA:19,0
DA:20,0
DA:20,0
DA:21,0
DA:21,0
DA:22,0
DA:22,0
DA:23,0
DA:23,0
DA:24,0
DA:24,0
DA:25,0
DA:25,0
DA:26,0
DA:26,0
DA:27,0
DA:27,0
DA:28,0
DA:28,0
DA:29,0
DA:29,0
DA:30,0
DA:30,0
DA:31,0
DA:31,0
DA:33,0
DA:33,0
FNF:1
FNH:0
LF:19
LH:0
BRF:2
BRH:0
end_of_record
TN:
SF:script/utils/SetForwarders.s.sol
FN:13,SetForwarders.run
FNDA:0,SetForwarders.run
DA:15,0
DA:15,0
BRDA:15,0,0,-
BRDA:15,0,1,-
DA:17,0
DA:17,0
DA:17,0
DA:17,0
DA:18,0
DA:18,0
DA:19,0
DA:19,0
DA:21,0
DA:21,0
DA:24,0
DA:24,0
FNF:1
FNH:0
LF:6
LH:0
BRF:2
BRH:0
end_of_record
TN:
SF:script/utils/UpdatePerpMarketConfiguration.s.sol
FN:25,UpdatePerpMarketConfiguration.run
FNDA:0,UpdatePerpMarketConfiguration.run
DA:26,0
DA:26,0
DA:28,0
DA:28,0
DA:30,0
DA:30,0
DA:30,0
DA:46,0
DA:46,0
FNF:1
FNH:0
LF:4
LH:0
BRF:0
BRH:0
end_of_record
TN:
SF:script/utils/UpdateSettlementConfiguration.s.sol
FN:32,UpdateSettlementConfiguration.run
FNDA:0,UpdateSettlementConfiguration.run
DA:33,0
DA:33,0
DA:34,0
DA:34,0
DA:35,0
DA:35,0
DA:36,0
DA:36,0
DA:38,0
DA:38,0
DA:39,0
DA:39,0
DA:40,0
DA:40,0
DA:40,0
DA:48,0
DA:48,0
FNF:1
FNH:0
LF:8
LH:0
BRF:0
BRH:0
end_of_record
TN:
SF:src/account-nft/AccountNFT.sol
FN:18,AccountNFT.mint
FNDA:0,AccountNFT.mint
DA:20,0
DA:20,0
FN:23,AccountNFT._update
FNDA:0,AccountNFT._update
DA:24,0
DA:24,0
DA:24,0
DA:25,0
DA:25,0
DA:27,0
DA:27,0
FNF:2
FNH:0
LF:4
LH:0
BRF:0
BRH:0
end_of_record
TN:
SF:src/external/chainlink/ChainlinkUtil.sol
FN:26,ChainlinkUtil.getPrice
FNDA:0,ChainlinkUtil.getPrice
DA:35,0
DA:35,0
DA:35,0
DA:37,0
DA:37,0
BRDA:37,0,0,-
BRDA:37,0,1,-
DA:38,0
DA:38,0
DA:41,0
DA:41,0
DA:41,0
DA:41,0
BRDA:41,1,0,-
BRDA:41,1,1,-
DA:42,0
DA:42,0
DA:59,0
DA:59,0
FN:79,ChainlinkUtil.getReportData
FNDA:0,ChainlinkUtil.getReportData
DA:80,0
DA:80,0
FN:83,ChainlinkUtil.getEthVericationFee
FNDA:0,ChainlinkUtil.getEthVericationFee
DA:90,0
DA:90,0
DA:90,0
DA:91,0
DA:91,0
DA:91,0
DA:92,0
DA:92,0
FN:95,ChainlinkUtil.verifyReport
FNDA:0,ChainlinkUtil.verifyReport
DA:103,0
DA:103,0
FNF:4
FNH:0
LF:11
LH:0
BRF:4
BRH:0
end_of_record
TN:
SF:src/external/chainlink/keepers/BaseKeeper.sol
FN:39,BaseKeeper.setForwarder
FNDA:0,BaseKeeper.setForwarder
DA:40,0
DA:40,0
DA:40,0
DA:41,0
DA:41,0
FN:45,BaseKeeper.__BaseKeeper_init
FNDA:11,BaseKeeper.__BaseKeeper_init
DA:46,11
DA:46,11
DA:46,11
BRDA:46,0,0,-
BRDA:46,0,1,11
DA:47,0
DA:47,0
DA:50,11
DA:50,11
FN:53,BaseKeeper._getBaseKeeperStorage
FNDA:0,BaseKeeper._getBaseKeeperStorage
DA:54,0
DA:54,0
DA:57,0
DA:57,0
FN:62,BaseKeeper._authorizeUpgrade
FNDA:0,BaseKeeper._authorizeUpgrade
FNF:4
FNH:1
LF:7
LH:2
BRF:2
BRH:1
end_of_record
TN:
SF:src/external/chainlink/keepers/liquidation/LiquidationKeeper.sol
FN:26,LiquidationKeeper.initialize
FNDA:1,LiquidationKeeper.initialize
DA:27,1
DA:27,1
DA:29,1
DA:29,1
DA:29,1
DA:29,1
BRDA:29,0,0,-
BRDA:29,0,1,1
DA:30,0
DA:30,0
DA:33,1
DA:33,1
DA:33,1
DA:34,1
DA:34,1
FN:37,LiquidationKeeper.getConfig
FNDA:0,LiquidationKeeper.getConfig
DA:38,0
DA:38,0
DA:38,0
DA:40,0
DA:40,0
DA:41,0
DA:41,0
FN:44,LiquidationKeeper.checkUpkeep
FNDA:0,LiquidationKeeper.checkUpkeep
DA:49,0
DA:49,0
DA:50,0
DA:50,0
DA:52,0
DA:52,0
DA:52,0
DA:52,0
BRDA:52,1,0,-
BRDA:52,1,1,-
DA:53,0
DA:53,0
DA:56,0
DA:56,0
DA:57,0
DA:57,0
DA:58,0
DA:58,0
DA:59,0
DA:59,0
DA:61,0
DA:61,0
DA:61,0
DA:61,0
BRDA:61,2,0,-
BRDA:61,2,1,-
DA:62,0
DA:62,0
DA:64,0
DA:64,0
DA:67,0
DA:67,0
DA:67,0
DA:68,0
DA:68,0
DA:69,0
DA:69,0
DA:71,0
DA:71,0
DA:73,0
DA:73,0
DA:73,0
DA:73,0
DA:74,0
DA:74,0
DA:74,0
DA:75,0
DA:75,0
BRDA:75,3,0,-
BRDA:75,3,1,-
DA:76,0
DA:76,0
DA:79,0
DA:79,0
DA:80,0
DA:80,0
DA:80,0
DA:80,0
BRDA:80,4,0,-
BRDA:80,4,1,-
DA:81,0
DA:81,0
DA:85,0
DA:85,0
DA:85,0
DA:87,0
DA:87,0
FN:90,LiquidationKeeper.setConfig
FNDA:0,LiquidationKeeper.setConfig
DA:91,0
DA:91,0
DA:91,0
BRDA:91,5,0,-
BRDA:91,5,1,-
DA:92,0
DA:92,0
DA:95,0
DA:95,0
DA:95,0
DA:97,0
DA:97,0
FN:100,LiquidationKeeper.performUpkeep
FNDA:0,LiquidationKeeper.performUpkeep
DA:101,0
DA:101,0
DA:101,0
DA:102,0
DA:102,0
DA:102,0
DA:103,0
DA:103,0
DA:105,0
DA:105,0
FN:108,LiquidationKeeper._getLiquidationKeeperStorage
FNDA:1,LiquidationKeeper._getLiquidationKeeperStorage
DA:109,1
DA:109,1
DA:112,1
DA:112,1
FNF:6
FNH:2
LF:42
LH:6
BRF:12
BRH:1
end_of_record
TN:
SF:src/external/chainlink/keepers/market-order/MarketOrderKeeper.sol
FN:48,MarketOrderKeeper.initialize
FNDA:10,MarketOrderKeeper.initialize
DA:57,10
DA:57,10
DA:59,10
DA:59,10
DA:59,10
DA:59,10
BRDA:59,0,0,-
BRDA:59,0,1,10
DA:60,0
DA:60,0
DA:62,10
DA:62,10
BRDA:62,1,0,-
BRDA:62,1,1,10
DA:63,0
DA:63,0
DA:65,10
DA:65,10
BRDA:65,2,0,-
BRDA:65,2,1,10
DA:66,0
DA:66,0
DA:69,10
DA:69,10
DA:69,10
DA:71,10
DA:71,10
DA:72,10
DA:72,10
DA:73,10
DA:73,10
FN:76,MarketOrderKeeper.getConfig
FNDA:0,MarketOrderKeeper.getConfig
DA:81,0
DA:81,0
DA:81,0
DA:82,0
DA:82,0
DA:82,0
DA:84,0
DA:84,0
DA:85,0
DA:85,0
DA:86,0
DA:86,0
DA:87,0
DA:87,0
FN:102,MarketOrderKeeper.checkLog
FNDA:0,MarketOrderKeeper.checkLog
DA:111,0
DA:111,0
DA:111,0
DA:112,0
DA:112,0
DA:112,0
DA:114,0
DA:114,0
DA:114,0
DA:116,0
DA:116,0
DA:116,0
DA:117,0
DA:117,0
DA:118,0
DA:118,0
DA:119,0
DA:119,0
DA:119,0
DA:121,0
DA:121,0
FN:126,MarketOrderKeeper.checkCallback
FNDA:0,MarketOrderKeeper.checkCallback
DA:135,0
DA:135,0
DA:137,0
DA:137,0
DA:138,0
DA:138,0
FN:144,MarketOrderKeeper.updateConfig
FNDA:0,MarketOrderKeeper.updateConfig
DA:145,0
DA:145,0
DA:145,0
DA:145,0
BRDA:145,3,0,-
BRDA:145,3,1,-
DA:146,0
DA:146,0
DA:148,0
DA:148,0
BRDA:148,4,0,-
BRDA:148,4,1,-
DA:149,0
DA:149,0
DA:151,0
DA:151,0
BRDA:151,5,0,-
BRDA:151,5,1,-
DA:152,0
DA:152,0
DA:155,0
DA:155,0
DA:155,0
DA:156,0
DA:156,0
DA:157,0
DA:157,0
DA:158,0
DA:158,0
FN:162,MarketOrderKeeper.performUpkeep
FNDA:0,MarketOrderKeeper.performUpkeep
DA:163,0
DA:163,0
DA:163,0
DA:164,0
DA:164,0
DA:164,0
DA:166,0
DA:166,0
DA:166,0
DA:167,0
DA:167,0
DA:169,0
DA:169,0
FN:172,MarketOrderKeeper._getMarketOrderKeeperStorage
FNDA:10,MarketOrderKeeper._getMarketOrderKeeperStorage
DA:173,10
DA:173,10
DA:176,10
DA:176,10
FNF:7
FNH:2
LF:45
LH:10
BRF:12
BRH:3
end_of_record
TN:
SF:src/perpetuals/branches/GlobalConfigurationBranch.sol
FN:135,GlobalConfigurationBranch.initialize
FNDA:1,GlobalConfigurationBranch.initialize
DA:136,1
DA:136,1
DA:136,1
DA:137,1
DA:137,1
DA:138,1
DA:138,1
FN:143,GlobalConfigurationBranch.getAccountsWithActivePositions
FNDA:0,GlobalConfigurationBranch.getAccountsWithActivePositions
DA:151,0
DA:151,0
DA:151,0
DA:153,0
DA:153,0
DA:155,0
DA:155,0
DA:156,0
DA:156,0
DA:156,0
DA:156,0
DA:157,0
DA:157,0
DA:158,0
DA:158,0
FN:165,GlobalConfigurationBranch.getCustomReferralCodeReferrer
FNDA:0,GlobalConfigurationBranch.getCustomReferralCodeReferrer
DA:166,0
DA:166,0
FN:173,GlobalConfigurationBranch.getMarginCollateralConfiguration
FNDA:0,GlobalConfigurationBranch.getMarginCollateralConfiguration
DA:178,0
DA:178,0
DA:179,0
DA:179,0
DA:181,0
DA:181,0
FN:186,GlobalConfigurationBranch.setTradingAccountToken
FNDA:0,GlobalConfigurationBranch.setTradingAccountToken
DA:187,0
DA:187,0
DA:187,0
BRDA:187,0,0,-
BRDA:187,0,1,-
DA:188,0
DA:188,0
DA:191,0
DA:191,0
DA:191,0
DA:192,0
DA:192,0
DA:194,0
DA:194,0
FN:199,GlobalConfigurationBranch.setUsdToken
FNDA:1,GlobalConfigurationBranch.setUsdToken
DA:200,1
DA:200,1
DA:200,1
BRDA:200,1,0,-
BRDA:200,1,1,1
DA:201,0
DA:201,0
DA:204,1
DA:204,1
DA:204,1
DA:205,1
DA:205,1
DA:207,1
DA:207,1
FN:212,GlobalConfigurationBranch.configureCollateralLiquidationPriority
FNDA:1,GlobalConfigurationBranch.configureCollateralLiquidationPriority
DA:213,1
DA:213,1
BRDA:213,2,0,-
BRDA:213,2,1,1
DA:214,0
DA:214,0
DA:217,1
DA:217,1
DA:217,1
DA:218,1
DA:218,1
DA:220,1
DA:220,1
FN:226,GlobalConfigurationBranch.configureLiquidators
FNDA:1,GlobalConfigurationBranch.configureLiquidators
DA:227,1
DA:227,1
BRDA:227,3,0,-
BRDA:227,3,1,1
DA:228,0
DA:228,0
DA:231,1
DA:231,1
BRDA:231,4,0,-
BRDA:231,4,1,1
DA:232,0
DA:232,0
DA:235,1
DA:235,1
DA:235,1
DA:237,1
DA:237,1
DA:237,2
DA:237,1
DA:238,1
DA:238,1
DA:241,1
DA:241,1
FN:250,GlobalConfigurationBranch.configureMarginCollateral
FNDA:6,GlobalConfigurationBranch.configureMarginCollateral
DA:260,6
DA:260,6
FN:278,GlobalConfigurationBranch.removeCollateralFromLiquidationPriority
FNDA:1,GlobalConfigurationBranch.removeCollateralFromLiquidationPriority
DA:279,0
DA:279,0
DA:279,0
BRDA:279,5,0,-
BRDA:279,5,1,-
DA:280,0
DA:280,0
DA:283,0
DA:283,0
DA:283,0
DA:284,0
DA:284,0
DA:286,0
DA:286,0
FN:293,GlobalConfigurationBranch.configureSystemParameters
FNDA:2,GlobalConfigurationBranch.configureSystemParameters
DA:306,2
DA:306,2
BRDA:306,6,0,-
BRDA:306,6,1,2
DA:307,0
DA:307,0
DA:310,2
DA:310,2
BRDA:310,7,0,-
BRDA:310,7,1,2
DA:311,0
DA:311,0
DA:314,2
DA:314,2
DA:314,2
BRDA:314,8,0,-
BRDA:314,8,1,2
DA:315,0
DA:315,0
DA:318,2
DA:318,2
DA:318,2
BRDA:318,9,0,-
BRDA:318,9,1,2
DA:319,0
DA:319,0
DA:322,2
DA:322,2
DA:322,2
BRDA:322,10,0,-
BRDA:322,10,1,2
DA:323,0
DA:323,0
DA:326,2
DA:326,2
DA:326,2
BRDA:326,11,0,-
BRDA:326,11,1,2
DA:327,0
DA:327,0
DA:330,2
DA:330,2
BRDA:330,12,0,-
BRDA:330,12,1,2
DA:331,0
DA:331,0
DA:334,2
DA:334,2
DA:334,2
DA:336,2
DA:336,2
DA:337,2
DA:337,2
DA:338,2
DA:338,2
DA:339,2
DA:339,2
DA:340,2
DA:340,2
DA:341,2
DA:341,2
DA:342,2
DA:342,2
DA:343,2
DA:343,2
DA:345,2
DA:345,2
FN:386,GlobalConfigurationBranch.createPerpMarket
FNDA:10,GlobalConfigurationBranch.createPerpMarket
DA:387,10
DA:387,10
BRDA:387,13,0,-
BRDA:387,13,1,10
DA:388,0
DA:388,0
DA:390,10
DA:390,10
BRDA:390,14,0,-
BRDA:390,14,1,10
DA:391,0
DA:391,0
DA:393,10
DA:393,10
BRDA:393,15,0,-
BRDA:393,15,1,10
DA:394,0
DA:394,0
DA:396,10
DA:396,10
DA:396,10
BRDA:396,16,0,-
BRDA:396,16,1,10
DA:397,0
DA:397,0
DA:399,10
DA:399,10
BRDA:399,17,0,-
BRDA:399,17,1,10
DA:400,0
DA:400,0
DA:402,10
DA:402,10
BRDA:402,18,0,-
BRDA:402,18,1,10
DA:403,0
DA:403,0
DA:405,10
DA:405,10
BRDA:405,19,0,-
BRDA:405,19,1,10
DA:406,0
DA:406,0
DA:408,10
DA:408,10
BRDA:408,20,0,-
BRDA:408,20,1,10
DA:409,0
DA:409,0
DA:411,10
DA:411,10
BRDA:411,21,0,-
BRDA:411,21,1,10
DA:412,0
DA:412,0
DA:414,10
DA:414,10
BRDA:414,22,0,-
BRDA:414,22,1,10
DA:415,0
DA:415,0
DA:417,10
DA:417,10
BRDA:417,23,0,-
BRDA:417,23,1,10
DA:418,0
DA:418,0
DA:420,10
DA:420,10
BRDA:420,24,0,-
BRDA:420,24,1,10
DA:421,0
DA:421,0
DA:424,10
DA:424,10
DA:424,10
DA:426,10
DA:426,10
DA:445,10
DA:445,10
DA:447,10
DA:447,10
FN:482,GlobalConfigurationBranch.updatePerpMarketConfiguration
FNDA:1,GlobalConfigurationBranch.updatePerpMarketConfiguration
DA:490,0
DA:490,0
DA:490,0
DA:491,0
DA:491,0
DA:493,0
DA:493,0
BRDA:493,25,0,-
BRDA:493,25,1,-
DA:494,0
DA:494,0
DA:496,0
DA:496,0
BRDA:496,26,0,-
BRDA:496,26,1,-
DA:497,0
DA:497,0
DA:499,0
DA:499,0
DA:499,0
BRDA:499,27,0,-
BRDA:499,27,1,-
DA:500,0
DA:500,0
DA:502,0
DA:502,0
BRDA:502,28,0,-
BRDA:502,28,1,-
DA:503,0
DA:503,0
DA:505,0
DA:505,0
BRDA:505,29,0,-
BRDA:505,29,1,-
DA:506,0
DA:506,0
DA:508,0
DA:508,0
BRDA:508,30,0,-
BRDA:508,30,1,-
DA:509,0
DA:509,0
DA:511,0
DA:511,0
BRDA:511,31,0,-
BRDA:511,31,1,-
DA:512,0
DA:512,0
DA:514,0
DA:514,0
BRDA:514,32,0,-
BRDA:514,32,1,-
DA:515,0
DA:515,0
DA:517,0
DA:517,0
BRDA:517,33,0,-
BRDA:517,33,1,-
DA:518,0
DA:518,0
DA:520,0
DA:520,0
BRDA:520,34,0,-
BRDA:520,34,1,-
DA:521,0
DA:521,0
DA:523,0
DA:523,0
BRDA:523,35,0,-
BRDA:523,35,1,-
DA:524,0
DA:524,0
DA:526,0
DA:526,0
BRDA:526,36,0,-
BRDA:526,36,1,-
DA:527,0
DA:527,0
DA:530,0
DA:530,0
DA:547,0
DA:547,0
FN:554,GlobalConfigurationBranch.updateSettlementConfiguration
FNDA:0,GlobalConfigurationBranch.updateSettlementConfiguration
DA:564,0
DA:564,0
DA:564,0
DA:565,0
DA:565,0
BRDA:563,37,0,-
BRDA:563,37,1,-
DA:567,0
DA:567,0
DA:569,0
DA:569,0
DA:571,0
DA:571,0
FN:577,GlobalConfigurationBranch.updatePerpMarketStatus
FNDA:1,GlobalConfigurationBranch.updatePerpMarketStatus
DA:585,0
DA:585,0
DA:585,0
DA:587,0
BRDA:587,38,0,-
BRDA:587,38,1,-
DA:588,0
DA:588,0
DA:590,0
DA:590,0
DA:592,0
DA:592,0
DA:594,0
DA:594,0
FN:601,GlobalConfigurationBranch.configureSequencerUptimeFeedByChainId
FNDA:4,GlobalConfigurationBranch.configureSequencerUptimeFeedByChainId
DA:608,1
DA:608,1
BRDA:608,39,0,-
BRDA:608,39,1,1
DA:609,0
DA:609,0
DA:612,1
DA:612,1
BRDA:612,40,0,-
BRDA:612,40,1,1
DA:613,0
DA:613,0
DA:616,1
DA:616,1
BRDA:616,41,0,-
BRDA:616,41,1,1
DA:617,0
DA:617,0
DA:620,1
DA:620,1
DA:620,1
DA:622,1
DA:622,1
DA:622,2
DA:622,1
DA:623,1
DA:623,1
DA:625,1
DA:625,1
FN:632,GlobalConfigurationBranch.createCustomReferralCode
FNDA:0,GlobalConfigurationBranch.createCustomReferralCode
DA:633,0
DA:633,0
DA:635,0
DA:635,0
FNF:17
FNH:11
LF:145
LH:58
BRF:84
BRH:26
end_of_record
TN:
SF:src/perpetuals/branches/LiquidationBranch.sol
FN:42,LiquidationBranch.checkLiquidatableAccounts
FNDA:0,LiquidationBranch.checkLiquidatableAccounts
DA:51,0
DA:51,0
DA:54,0
DA:54,0
BRDA:54,0,0,-
BRDA:54,0,1,-
DA:54,0
DA:57,0
DA:57,0
DA:57,0
DA:60,0
DA:60,0
DA:61,0
DA:61,0
DA:64,0
DA:64,0
DA:64,0
DA:64,0
DA:66,0
DA:66,0
BRDA:66,1,0,-
BRDA:66,1,1,-
DA:66,0
DA:69,0
DA:69,0
DA:69,0
DA:72,0
DA:72,0
DA:72,0
DA:75,0
DA:75,0
DA:76,0
DA:76,0
DA:79,0
DA:79,0
DA:79,0
DA:82,0
DA:82,0
BRDA:82,2,0,-
BRDA:82,2,1,-
DA:83,0
DA:83,0
FN:105,LiquidationBranch.liquidateAccounts
FNDA:0,LiquidationBranch.liquidateAccounts
DA:107,0
DA:107,0
BRDA:107,3,0,-
BRDA:107,3,1,-
DA:107,0
DA:110,0
DA:110,0
DA:110,0
DA:113,0
DA:113,0
BRDA:113,4,0,-
BRDA:113,4,1,-
DA:114,0
DA:114,0
DA:118,0
DA:118,0
DA:123,0
DA:123,0
DA:127,0
DA:127,0
DA:127,0
DA:127,0
DA:129,0
DA:129,0
DA:132,0
DA:132,0
BRDA:132,5,0,-
BRDA:132,5,1,-
DA:132,0
DA:135,0
DA:135,0
DA:135,0
DA:138,0
DA:138,0
DA:139,0
DA:139,0
DA:142,0
DA:142,0
DA:146,0
DA:146,0
BRDA:146,6,0,-
BRDA:146,6,1,-
DA:147,0
DA:147,0
DA:152,0
DA:152,0
DA:164,0
DA:164,0
DA:167,0
DA:167,0
DA:171,0
DA:171,0
DA:171,0
DA:171,0
DA:173,0
DA:173,0
DA:176,0
DA:176,0
DA:176,0
DA:179,0
DA:179,0
DA:179,0
DA:182,0
DA:182,0
DA:185,0
DA:185,0
DA:188,0
DA:188,0
DA:191,0
DA:191,0
DA:192,0
DA:192,0
DA:195,0
DA:195,0
DA:198,0
DA:198,0
DA:202,0
DA:202,0
DA:209,0
DA:209,0
DA:212,0
DA:212,0
FNF:2
FNH:0
LF:46
LH:0
BRF:14
BRH:0
end_of_record
TN:
SF:src/perpetuals/branches/OrderBranch.sol
FN:56,OrderBranch.getConfiguredOrderFees
FNDA:0,OrderBranch.getConfiguredOrderFees
DA:57,0
DA:57,0
FN:79,OrderBranch.simulateTrade
FNDA:0,OrderBranch.simulateTrade
DA:97,0
DA:97,0
DA:97,0
DA:100,0
DA:100,0
DA:100,0
DA:103,0
DA:103,0
DA:104,0
DA:104,0
DA:107,0
DA:107,0
DA:110,0
DA:110,0
DA:113,0
DA:113,0
DA:116,0
DA:116,0
DA:119,0
DA:119,0
DA:123,0
DA:123,0
DA:127,0
DA:127,0
DA:130,0
DA:130,0
DA:134,0
DA:134,0
BRDA:134,0,0,-
BRDA:134,0,1,-
DA:135,0
DA:135,0
DA:140,0
DA:140,0
DA:140,0
DA:143,0
DA:143,0
DA:151,0
DA:151,0
DA:151,0
DA:152,0
DA:152,0
BRDA:150,1,0,-
BRDA:150,1,1,-
DA:154,0
DA:154,0
FN:166,OrderBranch.getMarginRequirementForTrade
FNDA:0,OrderBranch.getMarginRequirementForTrade
DA:181,0
DA:181,0
DA:181,0
DA:184,0
DA:184,0
DA:185,0
DA:185,0
DA:188,0
DA:188,0
DA:188,0
DA:191,0
DA:191,0
DA:191,0
DA:194,0
DA:194,0
DA:194,0
DA:197,0
DA:197,0
DA:197,0
DA:200,0
DA:200,0
DA:201,0
DA:201,0
DA:204,0
DA:204,0
DA:205,0
DA:205,0
FN:209,OrderBranch.getActiveMarketOrder
FNDA:0,OrderBranch.getActiveMarketOrder
DA:214,0
DA:214,0
FN:242,OrderBranch.createMarketOrder
FNDA:0,OrderBranch.createMarketOrder
DA:244,0
DA:244,0
DA:247,0
DA:247,0
BRDA:247,2,0,-
BRDA:247,2,1,-
DA:248,0
DA:248,0
DA:252,0
DA:252,0
DA:255,0
DA:255,0
DA:255,0
DA:258,0
DA:258,0
DA:259,0
DA:259,0
DA:262,0
DA:262,0
DA:272,0
BRDA:272,3,0,-
BRDA:272,3,1,-
DA:274,0
DA:274,0
DA:275,0
DA:275,0
DA:280,0
DA:280,0
DA:281,0
DA:281,0
DA:284,0
DA:284,0
DA:290,0
DA:290,0
BRDA:290,4,0,-
BRDA:290,4,1,-
DA:291,0
DA:291,0
DA:295,0
DA:295,0
DA:295,0
DA:298,0
DA:298,0
DA:301,0
DA:301,0
DA:301,0
DA:303,0
DA:303,0
DA:306,0
DA:306,0
DA:311,0
DA:311,0
DA:311,0
DA:313,0
DA:313,0
DA:337,0
DA:337,0
DA:340,0
DA:340,0
DA:344,0
DA:344,0
DA:350,0
DA:350,0
DA:353,0
DA:353,0
DA:355,0
DA:355,0
FN:366,OrderBranch.cancelAllOffchainOrders
FNDA:0,OrderBranch.cancelAllOffchainOrders
DA:370,0
DA:370,0
DA:371,0
DA:371,0
DA:375,0
DA:375,0
DA:378,0
DA:378,0
FN:385,OrderBranch.cancelMarketOrder
FNDA:0,OrderBranch.cancelMarketOrder
DA:389,0
DA:389,0
DA:392,0
DA:392,0
DA:392,0
DA:397,0
DA:397,0
DA:400,0
DA:400,0
DA:402,0
DA:402,0
FNF:7
FNH:0
LF:70
LH:0
BRF:10
BRH:0
end_of_record
TN:
SF:src/perpetuals/branches/PerpMarketBranch.sol
FN:22,PerpMarketBranch.getName
FNDA:0,PerpMarketBranch.getName
DA:23,0
DA:23,0
FN:28,PerpMarketBranch.getSymbol
FNDA:0,PerpMarketBranch.getSymbol
DA:29,0
DA:29,0
FN:34,PerpMarketBranch.getMaxOpenInterest
FNDA:0,PerpMarketBranch.getMaxOpenInterest
DA:35,0
DA:35,0
DA:35,0
FN:40,PerpMarketBranch.getMaxSkew
FNDA:0,PerpMarketBranch.getMaxSkew
DA:41,0
DA:41,0
DA:41,0
FN:46,PerpMarketBranch.getSkew
FNDA:0,PerpMarketBranch.getSkew
DA:47,0
DA:47,0
DA:47,0
FN:57,PerpMarketBranch.getOpenInterest
FNDA:0,PerpMarketBranch.getOpenInterest
DA:63,0
DA:63,0
DA:63,0
DA:66,0
DA:66,0
DA:66,0
DA:69,0
DA:69,0
DA:69,0
DA:72,0
DA:72,0
DA:72,0
DA:75,0
DA:75,0
DA:79,0
DA:79,0
DA:80,0
DA:80,0
FN:89,PerpMarketBranch.getMarkPrice
FNDA:0,PerpMarketBranch.getMarkPrice
DA:90,0
DA:90,0
DA:90,0
DA:92,0
DA:92,0
DA:92,0
FN:98,PerpMarketBranch.getSettlementConfiguration
FNDA:0,PerpMarketBranch.getSettlementConfiguration
DA:106,0
DA:106,0
DA:106,0
FN:111,PerpMarketBranch.getFundingRate
FNDA:0,PerpMarketBranch.getFundingRate
DA:112,0
DA:112,0
DA:112,0
FN:117,PerpMarketBranch.getFundingVelocity
FNDA:1,PerpMarketBranch.getFundingVelocity
DA:118,1
DA:118,1
DA:118,1
FN:132,PerpMarketBranch.getPerpMarketConfiguration
FNDA:0,PerpMarketBranch.getPerpMarketConfiguration
DA:147,0
DA:147,0
DA:147,0
DA:149,0
DA:149,0
DA:150,0
DA:150,0
DA:151,0
DA:151,0
DA:152,0
DA:152,0
DA:153,0
DA:153,0
DA:154,0
DA:154,0
DA:155,0
DA:155,0
DA:156,0
DA:156,0
DA:157,0
DA:157,0
FNF:11
FNH:1
LF:27
LH:1
BRF:0
BRH:0
end_of_record
TN:
SF:src/perpetuals/branches/SettlementBranch.sol
FN:85,SettlementBranch.initialize
FNDA:0,SettlementBranch.initialize
DA:86,0
DA:86,0
FN:90,SettlementBranch.DOMAIN_SEPARATOR
FNDA:0,SettlementBranch.DOMAIN_SEPARATOR
DA:91,0
DA:91,0
DA:91,0
FN:107,SettlementBranch.fillMarketOrder
FNDA:0,SettlementBranch.fillMarketOrder
DA:116,0
DA:116,0
DA:119,0
DA:119,0
DA:120,0
DA:120,0
DA:123,0
DA:123,0
DA:123,0
DA:126,0
DA:126,0
BRDA:126,0,0,-
BRDA:126,0,1,-
DA:127,0
DA:127,0
DA:131,0
DA:131,0
DA:131,0
DA:134,0
DA:134,0
DA:134,0
DA:138,0
DA:138,0
DA:142,0
DA:142,0
DA:145,0
DA:145,0
DA:149,0
DA:149,0
DA:153,0
DA:153,0
DA:156,0
DA:156,0
DA:165,0
DA:165,0
FN:186,SettlementBranch.fillOffchainOrders
FNDA:0,SettlementBranch.fillOffchainOrders
DA:195,0
DA:195,0
DA:198,0
DA:198,0
DA:199,0
DA:199,0
DA:202,0
DA:202,0
DA:202,0
DA:205,0
DA:205,0
DA:205,0
DA:209,0
DA:209,0
DA:214,0
DA:214,0
DA:214,0
DA:214,0
DA:215,0
DA:215,0
DA:218,0
DA:218,0
BRDA:218,1,0,-
BRDA:218,1,1,-
DA:219,0
DA:219,0
DA:223,0
DA:223,0
DA:224,0
DA:224,0
DA:227,0
DA:227,0
BRDA:227,2,0,-
BRDA:227,2,1,-
DA:228,0
DA:228,0
DA:236,0
DA:236,0
BRDA:236,3,0,-
BRDA:236,3,1,-
DA:237,0
DA:237,0
DA:240,0
DA:240,0
DA:256,0
BRDA:256,4,0,-
BRDA:256,4,1,-
DA:257,0
DA:257,0
DA:261,0
DA:261,0
DA:268,0
DA:268,0
BRDA:268,5,0,-
BRDA:268,5,1,-
DA:269,0
DA:269,0
DA:273,0
DA:273,0
DA:277,0
DA:277,0
DA:281,0
DA:281,0
DA:286,0
DA:286,0
DA:290,0
DA:290,0
BRDA:290,6,0,-
BRDA:290,6,1,-
DA:291,0
DA:291,0
DA:297,0
BRDA:297,7,0,-
BRDA:297,7,1,-
DA:299,0
DA:299,0
DA:305,0
DA:305,0
DA:308,0
DA:308,0
FN:343,SettlementBranch._fillOrder
FNDA:0,SettlementBranch._fillOrder
DA:354,0
DA:354,0
DA:357,0
DA:357,0
DA:357,0
DA:360,0
DA:360,0
DA:361,0
DA:361,0
DA:364,0
DA:364,0
DA:367,0
DA:367,0
DA:377,0
BRDA:377,8,0,-
BRDA:377,8,1,-
DA:379,0
DA:379,0
DA:380,0
DA:380,0
DA:384,0
DA:384,0
DA:384,0
DA:387,0
DA:387,0
DA:387,0
DA:390,0
DA:390,0
DA:393,0
DA:393,0
DA:394,0
DA:394,0
DA:397,0
DA:397,0
DA:400,0
DA:400,0
DA:401,0
DA:401,0
DA:404,0
DA:404,0
DA:404,0
DA:406,0
DA:406,0
DA:411,0
DA:411,0
DA:415,0
DA:415,0
DA:428,0
DA:428,0
DA:430,0
DA:430,0
DA:434,0
DA:434,0
DA:443,0
DA:443,0
DA:447,0
DA:447,0
DA:453,0
DA:453,0
DA:457,0
DA:457,0
DA:461,0
DA:461,0
DA:465,0
DA:465,0
DA:468,0
DA:468,0
BRDA:468,9,0,-
BRDA:468,9,1,-
DA:469,0
DA:469,0
DA:474,0
DA:474,0
BRDA:474,10,0,-
BRDA:474,10,1,-
DA:475,0
DA:475,0
DA:479,0
DA:479,0
DA:483,0
DA:483,0
BRDA:483,11,0,-
BRDA:483,11,1,-
DA:484,0
DA:484,0
DA:485,0
DA:485,0
DA:491,0
DA:491,0
DA:496,0
DA:496,0
DA:507,0
DA:507,0
FN:522,SettlementBranch._requireIsKeeper
FNDA:0,SettlementBranch._requireIsKeeper
DA:523,0
DA:523,0
DA:523,0
DA:523,0
DA:523,0
BRDA:523,12,0,-
BRDA:523,12,1,-
DA:524,0
DA:524,0
FNF:6
FNH:0
LF:92
LH:0
BRF:26
BRH:0
end_of_record
TN:
SF:src/perpetuals/branches/TradingAccountBranch.sol
FN:74,TradingAccountBranch.getTradingAccountToken
FNDA:1,TradingAccountBranch.getTradingAccountToken
DA:75,1
DA:75,1
FN:82,TradingAccountBranch.getAccountMarginCollateralBalance
FNDA:0,TradingAccountBranch.getAccountMarginCollateralBalance
DA:90,0
DA:90,0
DA:90,0
DA:91,0
DA:91,0
DA:91,0
DA:93,0
DA:93,0
FN:102,TradingAccountBranch.getAccountEquityUsd
FNDA:0,TradingAccountBranch.getAccountEquityUsd
DA:103,0
DA:103,0
DA:103,0
DA:104,0
DA:104,0
DA:104,0
DA:106,0
DA:106,0
DA:106,0
FN:119,TradingAccountBranch.getAccountMarginBreakdown
FNDA:1,TradingAccountBranch.getAccountMarginBreakdown
DA:129,1
DA:129,1
DA:129,1
DA:130,0
DA:130,0
DA:130,0
DA:132,0
DA:132,0
DA:134,0
DA:134,0
DA:134,0
DA:134,0
DA:134,0
DA:135,0
DA:135,0
DA:135,0
DA:137,0
DA:137,0
DA:137,0
DA:138,0
DA:138,0
DA:138,0
DA:140,0
DA:140,0
DA:140,0
DA:141,0
DA:141,0
DA:141,0
DA:143,0
DA:143,0
DA:143,0
DA:144,0
DA:144,0
DA:144,0
DA:151,0
DA:151,0
DA:152,0
DA:152,0
DA:155,0
DA:155,0
FN:161,TradingAccountBranch.getAccountTotalUnrealizedPnl
FNDA:0,TradingAccountBranch.getAccountTotalUnrealizedPnl
DA:166,0
DA:166,0
DA:166,0
DA:167,0
DA:167,0
FN:174,TradingAccountBranch.getAccountLeverage
FNDA:0,TradingAccountBranch.getAccountLeverage
DA:175,0
DA:175,0
DA:175,0
DA:177,0
DA:177,0
DA:177,0
DA:178,0
DA:178,0
DA:180,0
DA:180,0
BRDA:180,0,0,-
BRDA:180,0,1,-
DA:180,0
DA:180,0
DA:182,0
DA:182,0
DA:182,0
DA:182,0
DA:182,0
DA:183,0
DA:183,0
DA:183,0
DA:185,0
DA:185,0
DA:185,0
DA:186,0
DA:186,0
DA:186,0
DA:188,0
DA:188,0
DA:188,0
DA:189,0
DA:189,0
DA:189,0
DA:191,0
DA:191,0
DA:191,0
DA:192,0
DA:192,0
DA:195,0
DA:195,0
DA:195,0
FN:203,TradingAccountBranch.getPositionState
FNDA:1,TradingAccountBranch.getPositionState
DA:212,1
DA:212,1
DA:212,1
DA:213,1
DA:213,1
DA:213,1
DA:215,1
DA:215,1
DA:215,1
DA:216,0
DA:216,0
DA:217,0
DA:217,0
DA:219,0
DA:219,0
FN:229,TradingAccountBranch.createTradingAccount
FNDA:0,TradingAccountBranch.createTradingAccount
DA:238,0
DA:238,0
DA:238,0
DA:241,0
DA:241,0
DA:244,0
DA:244,0
DA:244,0
DA:247,0
DA:247,0
DA:250,0
DA:250,0
DA:252,0
DA:252,0
DA:254,0
DA:254,0
DA:254,0
DA:256,0
DA:256,0
DA:256,0
DA:256,0
BRDA:256,1,0,-
BRDA:256,1,1,-
DA:257,0
BRDA:257,2,0,-
BRDA:257,2,1,-
DA:258,0
DA:258,0
DA:259,0
DA:259,0
DA:260,0
DA:260,0
DA:260,0
BRDA:260,3,0,-
BRDA:260,3,1,-
DA:261,0
DA:261,0
DA:263,0
DA:263,0
DA:264,0
DA:264,0
DA:266,0
DA:266,0
DA:266,0
DA:268,0
DA:268,0
BRDA:268,4,0,-
BRDA:268,4,1,-
DA:269,0
DA:269,0
DA:272,0
DA:272,0
DA:273,0
DA:273,0
DA:276,0
DA:276,0
DA:279,0
DA:279,0
FN:285,TradingAccountBranch.createTradingAccountAndMulticall
FNDA:0,TradingAccountBranch.createTradingAccountAndMulticall
DA:295,0
DA:295,0
DA:295,0
DA:297,0
DA:297,0
DA:298,0
DA:298,0
DA:298,0
DA:298,0
DA:299,0
DA:299,0
DA:299,0
DA:300,0
DA:300,0
DA:300,0
DA:302,0
DA:302,0
BRDA:302,5,0,-
BRDA:302,5,1,-
DA:303,0
DA:303,0
DA:309,0
DA:309,0
FN:317,TradingAccountBranch.depositMargin
FNDA:1,TradingAccountBranch.depositMargin
DA:319,1
DA:319,1
DA:320,1
DA:320,1
DA:325,1
DA:325,1
DA:325,1
DA:328,0
DA:328,0
DA:328,0
DA:331,0
DA:331,0
DA:331,0
DA:334,0
DA:334,0
DA:334,0
DA:337,0
DA:337,0
DA:343,0
DA:343,0
DA:346,0
DA:346,0
DA:349,0
DA:349,0
DA:351,0
DA:351,0
FN:358,TradingAccountBranch.withdrawMargin
FNDA:0,TradingAccountBranch.withdrawMargin
DA:360,0
DA:360,0
DA:361,0
DA:361,0
DA:365,0
DA:365,0
DA:366,0
DA:366,0
DA:369,0
DA:369,0
DA:369,0
DA:372,0
DA:372,0
DA:375,0
DA:375,0
DA:378,0
DA:378,0
DA:382,0
DA:382,0
DA:383,0
DA:383,0
DA:386,0
DA:386,0
DA:386,0
DA:392,0
DA:392,0
DA:395,0
DA:395,0
DA:397,0
DA:397,0
FN:405,TradingAccountBranch.notifyAccountTransfer
FNDA:0,TradingAccountBranch.notifyAccountTransfer
DA:406,0
DA:406,0
DA:408,0
DA:408,0
DA:408,0
DA:409,0
DA:409,0
FN:416,TradingAccountBranch.getUserReferralData
FNDA:1,TradingAccountBranch.getUserReferralData
DA:417,1
DA:417,1
DA:417,1
DA:419,1
DA:419,1
FN:423,TradingAccountBranch._requireAmountNotZero
FNDA:0,TradingAccountBranch._requireAmountNotZero
DA:424,0
DA:424,0
BRDA:424,6,0,-
BRDA:424,6,1,-
DA:425,0
DA:425,0
FN:430,TradingAccountBranch._requireEnoughDepositCap
FNDA:0,TradingAccountBranch._requireEnoughDepositCap
DA:439,0
DA:439,0
BRDA:439,7,0,-
BRDA:439,7,1,-
DA:440,0
DA:440,0
FN:445,TradingAccountBranch._requireCollateralLiquidationPriorityDefined
FNDA:0,TradingAccountBranch._requireCollateralLiquidationPriorityDefined
DA:446,0
DA:446,0
DA:446,0
DA:447,0
DA:447,0
DA:448,0
DA:448,0
DA:450,0
DA:450,0
BRDA:450,8,0,-
BRDA:450,8,1,-
DA:450,0
FN:457,TradingAccountBranch._requireEnoughMarginCollateral
FNDA:0,TradingAccountBranch._requireEnoughMarginCollateral
DA:467,0
DA:467,0
DA:467,0
DA:471,0
DA:471,0
BRDA:471,9,0,-
BRDA:471,9,1,-
DA:472,0
DA:472,0
FN:479,TradingAccountBranch._onlyTradingAccountToken
FNDA:0,TradingAccountBranch._onlyTradingAccountToken
DA:480,0
DA:480,0
DA:480,0
BRDA:480,10,0,-
BRDA:480,10,1,-
DA:481,0
DA:481,0
FNF:18
FNH:5
LF:115
LH:10
BRF:22
BRH:0
end_of_record
TN:
SF:src/perpetuals/leaves/CustomReferralConfiguration.sol
FN:18,CustomReferralConfiguration.load
FNDA:0,CustomReferralConfiguration.load
DA:23,0
DA:23,0
DA:23,0
DA:25,0
DA:25,0
FNF:1
FNH:0
LF:2
LH:0
BRF:0
BRH:0
end_of_record
TN:
SF:src/perpetuals/leaves/GlobalConfiguration.sol
FN:59,GlobalConfiguration.load
FNDA:18,GlobalConfiguration.load
DA:60,18
DA:60,18
DA:63,18
DA:63,18
FN:70,GlobalConfiguration.checkMarketIsEnabled
FNDA:0,GlobalConfiguration.checkMarketIsEnabled
DA:71,0
DA:71,0
BRDA:71,0,0,-
BRDA:71,0,1,-
DA:72,0
DA:72,0
FN:79,GlobalConfiguration.addMarket
FNDA:10,GlobalConfiguration.addMarket
DA:80,10
DA:80,10
DA:80,10
DA:82,10
DA:82,10
BRDA:82,1,0,-
BRDA:82,1,1,10
DA:83,0
DA:83,0
FN:90,GlobalConfiguration.removeMarket
FNDA:0,GlobalConfiguration.removeMarket
DA:91,0
DA:91,0
DA:91,0
DA:93,0
DA:93,0
BRDA:93,2,0,-
BRDA:93,2,1,-
DA:94,0
DA:94,0
FN:101,GlobalConfiguration.configureCollateralLiquidationPriority
FNDA:1,GlobalConfiguration.configureCollateralLiquidationPriority
DA:102,1
DA:102,1
DA:104,1
DA:104,1
DA:104,7
DA:104,6
DA:105,6
DA:105,6
DA:105,6
BRDA:105,3,0,-
BRDA:105,3,1,6
DA:106,0
DA:106,0
DA:109,6
DA:109,6
BRDA:109,4,0,-
BRDA:109,4,1,-
DA:110,0
DA:110,0
FN:119,GlobalConfiguration.removeCollateralFromLiquidationPriority
FNDA:0,GlobalConfiguration.removeCollateralFromLiquidationPriority
DA:121,0
DA:121,0
DA:121,0
DA:124,0
DA:124,0
BRDA:124,5,0,-
BRDA:124,5,1,-
DA:124,0
DA:130,0
DA:130,0
DA:130,0
DA:133,0
DA:133,0
DA:136,0
DA:136,0
DA:136,0
DA:138,0
DA:138,0
DA:141,0
DA:141,0
DA:141,0
DA:141,0
DA:143,0
DA:143,0
DA:146,0
DA:146,0
DA:150,0
DA:150,0
BRDA:150,6,0,-
BRDA:150,6,1,-
DA:151,0
DA:151,0
DA:156,0
DA:156,0
DA:157,0
DA:157,0
DA:163,0
DA:163,0
DA:163,0
DA:163,0
DA:163,0
DA:164,0
DA:164,0
FNF:6
FNH:3
LF:31
LH:8
BRF:14
BRH:2
end_of_record
TN:
SF:src/perpetuals/leaves/MarginCollateralConfiguration.sol
FN:38,MarginCollateralConfiguration.load
FNDA:7,MarginCollateralConfiguration.load
DA:39,7
DA:39,7
DA:39,7
DA:41,7
DA:41,7
FN:50,MarginCollateralConfiguration.convertTokenAmountToUd60x18
FNDA:0,MarginCollateralConfiguration.convertTokenAmountToUd60x18
DA:51,0
DA:51,0
BRDA:51,0,0,-
BRDA:51,0,1,-
DA:52,0
DA:52,0
DA:52,0
DA:54,0
DA:54,0
DA:54,0
FN:57,MarginCollateralConfiguration.convertUd60x18ToTokenAmount
FNDA:0,MarginCollateralConfiguration.convertUd60x18ToTokenAmount
DA:58,0
DA:58,0
BRDA:58,1,0,-
BRDA:58,1,1,-
DA:59,0
DA:59,0
DA:59,0
DA:62,0
DA:62,0
DA:62,0
DA:62,0
FN:68,MarginCollateralConfiguration.getPrice
FNDA:0,MarginCollateralConfiguration.getPrice
DA:69,0
DA:69,0
DA:70,0
DA:70,0
DA:72,0
DA:72,0
DA:72,0
DA:73,0
DA:73,0
DA:75,0
DA:75,0
DA:75,0
BRDA:75,2,0,-
BRDA:75,2,1,-
DA:76,0
DA:76,0
DA:79,0
DA:79,0
FN:92,MarginCollateralConfiguration.configure
FNDA:6,MarginCollateralConfiguration.configure
DA:102,6
DA:102,6
DA:102,6
DA:104,6
DA:104,6
DA:105,6
DA:105,6
DA:106,6
DA:106,6
DA:107,6
DA:107,6
DA:108,6
DA:108,6
FNF:5
FNH:2
LF:21
LH:8
BRF:6
BRH:0
end_of_record
TN:
SF:src/perpetuals/leaves/MarketConfiguration.sol
FN:37,MarketConfiguration.update
FNDA:0,MarketConfiguration.update
DA:38,0
DA:38,0
DA:39,0
DA:39,0
DA:40,0
DA:40,0
DA:41,0
DA:41,0
DA:42,0
DA:42,0
DA:43,0
DA:43,0
DA:44,0
DA:44,0
DA:45,0
DA:45,0
DA:46,0
DA:46,0
DA:47,0
DA:47,0
DA:48,0
DA:48,0
FNF:1
FNH:0
LF:11
LH:0
BRF:0
BRH:0
end_of_record
TN:
SF:src/perpetuals/leaves/MarketOrder.sol
FN:25,MarketOrder.load
FNDA:0,MarketOrder.load
DA:26,0
DA:26,0
DA:26,0
DA:29,0
DA:29,0
FN:33,MarketOrder.loadExisting
FNDA:0,MarketOrder.loadExisting
DA:34,0
DA:34,0
DA:36,0
DA:36,0
BRDA:36,0,0,-
BRDA:36,0,1,-
DA:37,0
DA:37,0
DA:40,0
DA:40,0
FN:43,MarketOrder.update
FNDA:0,MarketOrder.update
DA:44,0
DA:44,0
DA:45,0
DA:45,0
DA:46,0
DA:46,0
FN:49,MarketOrder.clear
FNDA:0,MarketOrder.clear
DA:50,0
DA:50,0
DA:51,0
DA:51,0
DA:52,0
DA:52,0
FN:55,MarketOrder.checkPendingOrder
FNDA:0,MarketOrder.checkPendingOrder
DA:56,0
DA:56,0
DA:56,0
DA:57,0
DA:57,0
DA:60,0
DA:60,0
DA:60,0
DA:60,0
DA:60,0
DA:61,0
DA:61,0
DA:61,0
BRDA:59,1,0,-
BRDA:59,1,1,-
DA:63,0
DA:63,0
FNF:5
FNH:0
LF:17
LH:0
BRF:4
BRH:0
end_of_record
TN:
SF:src/perpetuals/leaves/PerpMarket.sol
FN:63,PerpMarket.load
FNDA:12,PerpMarket.load
DA:64,12
DA:64,12
DA:64,12
DA:66,12
DA:66,12
FN:72,PerpMarket.getIndexPrice
FNDA:0,PerpMarket.getIndexPrice
DA:73,0
DA:73,0
DA:74,0
DA:74,0
DA:76,0
DA:76,0
DA:76,0
DA:77,0
DA:77,0
DA:79,0
DA:79,0
DA:79,0
BRDA:79,0,0,-
BRDA:79,0,1,-
DA:80,0
DA:80,0
DA:83,0
DA:83,0
FN:98,PerpMarket.getMarkPrice
FNDA:1,PerpMarket.getMarkPrice
DA:107,1
DA:107,1
DA:107,1
DA:108,1
DA:108,1
DA:108,1
DA:110,1
DA:110,1
DA:110,1
DA:111,0
DA:111,0
DA:111,0
DA:112,0
DA:112,0
DA:112,0
DA:114,0
DA:114,0
DA:114,0
DA:116,0
DA:116,0
DA:117,0
DA:117,0
DA:118,0
DA:118,0
DA:119,0
DA:119,0
DA:121,0
DA:121,0
FN:126,PerpMarket.getCurrentFundingRate
FNDA:0,PerpMarket.getCurrentFundingRate
DA:127,0
DA:127,0
DA:127,0
FN:134,PerpMarket.getCurrentFundingVelocity
FNDA:1,PerpMarket.getCurrentFundingVelocity
DA:135,1
DA:135,1
DA:135,1
DA:136,1
DA:136,1
DA:136,1
DA:138,1
DA:138,1
DA:138,1
DA:140,1
DA:140,1
BRDA:140,1,0,1
BRDA:140,1,1,-
DA:141,1
DA:141,1
DA:144,0
DA:144,0
DA:144,0
DA:145,0
DA:145,0
DA:145,0
DA:147,0
DA:147,0
DA:147,0
FN:155,PerpMarket.getOrderFeeUsd
FNDA:0,PerpMarket.getOrderFeeUsd
DA:171,0
DA:171,0
DA:171,0
DA:174,0
DA:174,0
DA:174,0
DA:177,0
DA:177,0
DA:177,0
DA:180,0
DA:180,0
DA:180,0
DA:187,0
DA:187,0
DA:188,0
DA:188,0
DA:188,0
DA:188,0
DA:188,0
DA:188,0
DA:188,0
DA:188,0
DA:190,0
BRDA:190,2,0,-
BRDA:190,2,1,-
DA:194,0
DA:194,0
DA:194,0
DA:199,0
DA:199,0
DA:206,0
DA:206,0
DA:206,0
DA:209,0
DA:209,0
DA:209,0
DA:213,0
DA:213,0
DA:214,0
DA:214,0
DA:215,0
DA:215,0
DA:216,0
DA:216,0
DA:219,0
DA:219,0
FN:227,PerpMarket.getNextFundingFeePerUnit
FNDA:0,PerpMarket.getNextFundingFeePerUnit
DA:236,0
DA:236,0
DA:236,0
FN:243,PerpMarket.getPendingFundingFeePerUnit
FNDA:0,PerpMarket.getPendingFundingFeePerUnit
DA:252,0
DA:252,0
DA:252,0
DA:254,0
DA:254,0
DA:254,0
FN:261,PerpMarket.getProportionalElapsedSinceLastFunding
FNDA:0,PerpMarket.getProportionalElapsedSinceLastFunding
DA:262,0
DA:262,0
DA:262,0
FN:275,PerpMarket.checkOpenInterestLimits
FNDA:0,PerpMarket.checkOpenInterestLimits
DA:286,0
DA:286,0
DA:286,0
DA:287,0
DA:287,0
DA:287,0
DA:292,0
DA:292,0
DA:300,0
DA:300,0
BRDA:300,3,0,-
BRDA:300,3,1,-
DA:302,0
DA:302,0
DA:302,0
DA:305,0
DA:305,0
BRDA:305,4,0,-
BRDA:305,4,1,-
DA:306,0
DA:306,0
DA:313,0
DA:313,0
DA:313,0
DA:315,0
DA:315,0
DA:315,0
DA:318,0
DA:318,0
DA:322,0
DA:322,0
BRDA:322,5,0,-
BRDA:322,5,1,-
DA:323,0
DA:323,0
DA:323,0
DA:325,0
DA:325,0
BRDA:325,6,0,-
BRDA:325,6,1,-
DA:326,0
DA:326,0
FN:334,PerpMarket.checkTradeSize
FNDA:0,PerpMarket.checkTradeSize
DA:335,0
DA:335,0
BRDA:335,7,0,-
BRDA:335,7,1,-
DA:336,0
DA:336,0
FN:344,PerpMarket.updateFunding
FNDA:0,PerpMarket.updateFunding
DA:345,0
DA:345,0
DA:346,0
DA:346,0
DA:347,0
DA:347,0
FN:354,PerpMarket.updateOpenInterest
FNDA:0,PerpMarket.updateOpenInterest
DA:355,0
DA:355,0
DA:356,0
DA:356,0
FN:394,PerpMarket.create
FNDA:10,PerpMarket.create
DA:395,10
DA:395,10
DA:395,10
DA:396,10
DA:396,10
BRDA:396,8,0,-
BRDA:396,8,1,10
DA:397,0
DA:397,0
DA:400,10
DA:400,10
DA:401,10
DA:401,10
DA:403,10
DA:403,10
DA:419,10
DA:419,10
DA:423,10
DA:423,10
FNF:14
FNH:4
LF:78
LH:17
BRF:18
BRH:2
end_of_record
TN:
SF:src/perpetuals/leaves/Position.sol
FN:44,Position.load
FNDA:1,Position.load
DA:45,1
DA:45,1
DA:45,1
DA:48,1
DA:48,1
FN:59,Position.getState
FNDA:0,Position.getState
DA:70,0
DA:70,0
DA:71,0
DA:71,0
DA:72,0
DA:72,0
DA:73,0
DA:73,0
DA:74,0
DA:74,0
DA:75,0
DA:75,0
DA:76,0
DA:76,0
FN:82,Position.update
FNDA:0,Position.update
DA:83,0
DA:83,0
DA:84,0
DA:84,0
DA:85,0
DA:85,0
FN:90,Position.clear
FNDA:0,Position.clear
DA:91,0
DA:91,0
DA:92,0
DA:92,0
DA:93,0
DA:93,0
FN:100,Position.getAccruedFunding
FNDA:0,Position.getAccruedFunding
DA:108,0
DA:108,0
DA:108,0
DA:109,0
DA:109,0
FN:118,Position.getMarginRequirement
FNDA:0,Position.getMarginRequirement
DA:127,0
DA:127,0
DA:128,0
DA:128,0
FN:135,Position.getUnrealizedPnl
FNDA:0,Position.getUnrealizedPnl
DA:136,0
DA:136,0
DA:136,0
DA:137,0
DA:137,0
FN:143,Position.getNotionalValue
FNDA:0,Position.getNotionalValue
DA:144,0
DA:144,0
DA:144,0
FN:156,Position.isNotionalValueIncreasing
FNDA:0,Position.isNotionalValueIncreasing
DA:165,0
DA:165,0
DA:165,0
DA:172,0
DA:172,0
DA:172,0
DA:172,0
DA:172,0
FNF:9
FNH:1
LF:24
LH:2
BRF:0
BRH:0
end_of_record
TN:
SF:src/perpetuals/leaves/Referral.sol
FN:24,Referral.load
FNDA:1,Referral.load
DA:25,1
DA:25,1
DA:25,1
DA:27,1
DA:27,1
FN:33,Referral.getReferrerAddress
FNDA:0,Referral.getReferrerAddress
DA:34,0
DA:34,0
BRDA:34,0,0,-
BRDA:34,0,1,-
DA:35,0
DA:35,0
DA:37,0
DA:37,0
FNF:2
FNH:1
LF:5
LH:2
BRF:2
BRH:0
end_of_record
TN:
SF:src/perpetuals/leaves/SettlementConfiguration.sol
FN:62,SettlementConfiguration.load
FNDA:20,SettlementConfiguration.load
DA:70,20
DA:70,20
DA:70,20
DA:72,20
DA:72,20
FN:78,SettlementConfiguration.checkIsSettlementEnabled
FNDA:0,SettlementConfiguration.checkIsSettlementEnabled
DA:79,0
DA:79,0
BRDA:79,0,0,-
BRDA:79,0,1,-
DA:80,0
DA:80,0
FN:87,SettlementConfiguration.requireDataStreamsReportIsValid
FNDA:0,SettlementConfiguration.requireDataStreamsReportIsValid
DA:95,0
DA:95,0
DA:95,0
DA:98,0
DA:98,0
DA:98,0
DA:99,0
DA:99,0
DA:99,0
BRDA:97,1,0,-
BRDA:97,1,1,-
DA:101,0
DA:101,0
FN:109,SettlementConfiguration.update
FNDA:20,SettlementConfiguration.update
DA:116,20
DA:116,20
DA:116,20
DA:118,20
DA:118,20
DA:119,20
DA:119,20
DA:120,20
DA:120,20
DA:121,20
DA:121,20
DA:122,20
DA:122,20
FN:133,SettlementConfiguration.verifyOffchainPrice
FNDA:0,SettlementConfiguration.verifyOffchainPrice
DA:141,0
DA:141,0
BRDA:141,2,0,-
BRDA:141,2,1,-
DA:142,0
DA:142,0
DA:142,0
DA:143,0
DA:143,0
DA:143,0
DA:145,0
DA:145,0
DA:147,0
DA:147,0
DA:147,0
DA:149,0
DA:149,0
DA:152,0
DA:152,0
FN:160,SettlementConfiguration.verifyDataStreamsReport
FNDA:0,SettlementConfiguration.verifyDataStreamsReport
DA:167,0
DA:167,0
DA:169,0
DA:169,0
DA:169,0
DA:170,0
DA:170,0
DA:170,0
DA:171,0
DA:171,0
FNF:6
FNH:2
LF:25
LH:8
BRF:6
BRH:0
end_of_record
TN:
SF:src/perpetuals/leaves/TradingAccount.sol
FN:59,TradingAccount.load
FNDA:2,TradingAccount.load
DA:60,2
DA:60,2
DA:60,2
DA:62,2
DA:62,2
FN:69,TradingAccount.loadExisting
FNDA:2,TradingAccount.loadExisting
DA:70,2
DA:70,2
DA:71,2
DA:71,2
DA:71,2
BRDA:71,0,0,2
BRDA:71,0,1,-
DA:72,2
DA:72,2
FN:79,TradingAccount.loadExistingAccountAndVerifySender
FNDA:0,TradingAccount.loadExistingAccountAndVerifySender
DA:84,0
DA:84,0
DA:85,0
DA:85,0
FN:92,TradingAccount.validatePositionsLimit
FNDA:0,TradingAccount.validatePositionsLimit
DA:93,0
DA:93,0
DA:93,0
DA:95,0
DA:95,0
DA:96,0
DA:96,0
DA:96,0
DA:98,0
DA:98,0
BRDA:98,1,0,-
BRDA:98,1,1,-
DA:99,0
DA:99,0
FN:110,TradingAccount.validateMarginRequirement
FNDA:0,TradingAccount.validateMarginRequirement
DA:119,0
DA:119,0
BRDA:119,2,0,-
BRDA:119,2,1,-
DA:120,0
DA:120,0
FN:133,TradingAccount.getMarginCollateralBalance
FNDA:0,TradingAccount.getMarginCollateralBalance
DA:134,0
DA:134,0
DA:134,0
DA:136,0
DA:136,0
DA:136,0
FN:142,TradingAccount.getEquityUsd
FNDA:0,TradingAccount.getEquityUsd
DA:150,0
DA:150,0
DA:150,0
DA:152,0
DA:152,0
DA:152,0
DA:152,0
DA:153,0
DA:153,0
DA:153,0
DA:155,0
DA:155,0
DA:156,0
DA:156,0
DA:157,0
DA:157,0
DA:157,0
DA:159,0
DA:159,0
DA:162,0
DA:162,0
FN:169,TradingAccount.getMarginBalanceUsd
FNDA:0,TradingAccount.getMarginBalanceUsd
DA:178,0
DA:178,0
DA:178,0
DA:181,0
DA:181,0
DA:181,0
DA:181,0
DA:183,0
DA:183,0
DA:183,0
DA:186,0
DA:186,0
DA:187,0
DA:187,0
DA:191,0
DA:191,0
DA:191,0
DA:196,0
DA:196,0
DA:200,0
DA:200,0
FN:210,TradingAccount.getAccountMarginRequirementUsdAndUnrealizedPnlUsd
FNDA:0,TradingAccount.getAccountMarginRequirementUsdAndUnrealizedPnlUsd
DA:224,0
DA:224,0
BRDA:224,3,0,-
BRDA:224,3,1,-
DA:226,0
DA:226,0
DA:226,0
DA:229,0
DA:229,0
DA:229,0
DA:232,0
DA:232,0
DA:232,0
DA:235,0
DA:235,0
DA:236,0
DA:236,0
DA:240,0
DA:240,0
DA:240,0
DA:243,0
DA:243,0
DA:243,0
DA:251,0
DA:251,0
DA:252,0
DA:252,0
DA:255,0
DA:255,0
DA:256,0
DA:256,0
DA:257,0
DA:257,0
DA:261,0
DA:261,0
DA:261,0
DA:263,0
DA:263,0
DA:263,0
DA:263,0
DA:264,0
DA:264,0
DA:264,0
DA:267,0
DA:267,0
BRDA:267,4,0,-
BRDA:267,4,1,-
DA:268,0
DA:268,0
DA:272,0
DA:272,0
DA:272,0
DA:275,0
DA:275,0
DA:275,0
DA:278,0
DA:278,0
DA:278,0
DA:281,0
DA:281,0
DA:282,0
DA:282,0
DA:285,0
DA:285,0
DA:285,0
DA:288,0
DA:288,0
DA:288,0
DA:296,0
DA:296,0
DA:297,0
DA:297,0
DA:300,0
DA:300,0
DA:301,0
DA:301,0
DA:302,0
DA:302,0
FN:309,TradingAccount.getAccountUnrealizedPnlUsd
FNDA:0,TradingAccount.getAccountUnrealizedPnlUsd
DA:310,0
DA:310,0
DA:310,0
DA:312,0
DA:312,0
DA:312,0
DA:312,0
DA:313,0
DA:313,0
DA:313,0
DA:314,0
DA:314,0
DA:314,0
DA:315,0
DA:315,0
DA:315,0
DA:317,0
DA:317,0
DA:317,0
DA:318,0
DA:318,0
DA:318,0
DA:320,0
DA:320,0
DA:320,0
DA:321,0
DA:321,0
DA:321,0
DA:323,0
DA:323,0
DA:323,0
DA:324,0
DA:324,0
DA:324,0
DA:326,0
DA:326,0
FN:332,TradingAccount.verifySender
FNDA:0,TradingAccount.verifySender
DA:333,0
DA:333,0
DA:333,0
DA:334,0
DA:334,0
BRDA:334,5,0,-
BRDA:334,5,1,-
DA:335,0
DA:335,0
FN:342,TradingAccount.isLiquidatable
FNDA:0,TradingAccount.isLiquidatable
DA:350,0
DA:350,0
DA:350,0
FN:356,TradingAccount.isMarketWithActivePosition
FNDA:0,TradingAccount.isMarketWithActivePosition
DA:357,0
DA:357,0
DA:357,0
FN:364,TradingAccount.create
FNDA:0,TradingAccount.create
DA:365,0
DA:365,0
DA:366,0
DA:366,0
DA:367,0
DA:367,0
FN:374,TradingAccount.deposit
FNDA:0,TradingAccount.deposit
DA:376,0
DA:376,0
DA:380,0
DA:380,0
DA:380,0
DA:384,0
DA:384,0
DA:387,0
DA:387,0
DA:388,0
DA:388,0
DA:391,0
DA:391,0
FN:399,TradingAccount.withdraw
FNDA:0,TradingAccount.withdraw
DA:401,0
DA:401,0
DA:405,0
DA:405,0
DA:405,0
DA:407,0
DA:407,0
BRDA:407,6,0,-
BRDA:407,6,1,-
DA:410,0
DA:410,0
DA:414,0
DA:414,0
DA:418,0
DA:418,0
DA:419,0
DA:419,0
DA:422,0
DA:422,0
FN:434,TradingAccount.withdrawMarginUsd
FNDA:0,TradingAccount.withdrawMarginUsd
DA:444,0
DA:444,0
DA:445,0
DA:445,0
DA:447,0
DA:447,0
DA:447,0
DA:448,0
DA:448,0
DA:448,0
DA:449,0
DA:449,0
DA:451,0
DA:451,0
BRDA:451,7,0,-
BRDA:451,7,1,-
DA:452,0
DA:452,0
DA:453,0
DA:453,0
DA:456,0
DA:456,0
DA:458,0
DA:458,0
DA:459,0
DA:459,0
DA:461,0
DA:461,0
DA:462,0
DA:462,0
DA:464,0
DA:464,0
DA:466,0
DA:466,0
DA:467,0
DA:467,0
FN:488,TradingAccount.deductAccountMargin
FNDA:0,TradingAccount.deductAccountMargin
DA:499,0
DA:499,0
DA:502,0
DA:502,0
DA:502,0
DA:505,0
DA:505,0
DA:505,0
DA:508,0
DA:508,0
DA:508,0
DA:508,0
DA:510,0
DA:510,0
DA:510,0
DA:513,0
DA:513,0
DA:514,0
DA:514,0
DA:517,0
DA:517,0
DA:520,0
DA:520,0
BRDA:520,8,0,-
BRDA:520,8,1,-
DA:520,0
DA:523,0
DA:523,0
DA:528,0
DA:528,0
DA:528,0
DA:528,0
BRDA:528,9,0,-
BRDA:528,9,1,-
DA:531,0
DA:531,0
DA:541,0
DA:541,0
DA:545,0
DA:545,0
DA:545,0
DA:545,0
BRDA:545,10,0,-
BRDA:545,10,1,-
DA:546,0
DA:546,0
DA:553,0
DA:553,0
DA:557,0
DA:557,0
DA:557,0
DA:557,0
BRDA:557,11,0,-
BRDA:557,11,1,-
DA:558,0
DA:558,0
DA:565,0
DA:565,0
DA:570,0
DA:570,0
BRDA:570,12,0,-
BRDA:570,12,1,-
DA:571,0
DA:571,0
DA:576,0
DA:576,0
FN:585,TradingAccount.updateActiveMarkets
FNDA:0,TradingAccount.updateActiveMarkets
DA:593,0
DA:593,0
DA:593,0
DA:596,0
DA:596,0
DA:596,0
DA:596,0
BRDA:596,13,0,-
BRDA:596,13,1,-
DA:598,0
DA:598,0
BRDA:598,14,0,-
BRDA:598,14,1,-
DA:600,0
DA:600,0
DA:604,0
DA:604,0
DA:607,0
DA:607,0
DA:607,0
DA:607,0
BRDA:607,15,0,-
BRDA:607,15,1,-
DA:609,0
DA:609,0
DA:612,0
DA:612,0
DA:612,0
BRDA:612,16,0,-
BRDA:612,16,1,-
DA:614,0
DA:614,0
FNF:19
FNH:2
LF:143
LH:5
BRF:34
BRH:1
end_of_record
TN:
SF:src/tree-proxy/RootProxy.sol
FN:50,RootProxy._implementation
FNDA:0,RootProxy._implementation
DA:51,0
DA:51,0
DA:51,0
DA:53,0
DA:53,0
DA:54,0
DA:54,0
DA:54,0
BRDA:54,0,0,-
BRDA:54,0,1,-
DA:54,0
FNF:1
FNH:0
LF:3
LH:0
BRF:2
BRH:0
end_of_record
TN:
SF:src/tree-proxy/branches/LookupBranch.sol
FN:17,LookupBranch.branches
FNDA:0,LookupBranch.branches
DA:18,0
DA:18,0
DA:18,0
DA:20,0
DA:20,0
DA:20,0
FN:23,LookupBranch.branchFunctionSelectors
FNDA:1,LookupBranch.branchFunctionSelectors
DA:24,1
DA:24,1
DA:24,1
DA:26,1
DA:26,1
DA:26,1
FN:29,LookupBranch.branchAddresses
FNDA:0,LookupBranch.branchAddresses
DA:30,0
DA:30,0
DA:30,0
DA:32,0
DA:32,0
DA:32,0
FN:35,LookupBranch.branchAddress
FNDA:0,LookupBranch.branchAddress
DA:36,0
DA:36,0
DA:36,0
DA:38,0
DA:38,0
DA:38,0
FNF:4
FNH:1
LF:8
LH:2
BRF:0
BRH:0
end_of_record
TN:
SF:src/tree-proxy/branches/UpgradeBranch.sol
FN:15,UpgradeBranch.initialize
FNDA:1,UpgradeBranch.initialize
DA:16,1
DA:16,1
FN:19,UpgradeBranch.upgrade
FNDA:1,UpgradeBranch.upgrade
DA:26,0
DA:26,0
DA:27,0
DA:27,0
DA:27,0
DA:29,0
DA:29,0
FN:32,UpgradeBranch._authorizeUpgrade
FNDA:0,UpgradeBranch._authorizeUpgrade
FNF:3
FNH:2
LF:4
LH:1
BRF:0
BRH:0
end_of_record
TN:
SF:src/tree-proxy/leaves/LookupTable.sol
FN:13,LookupTable.load
FNDA:0,LookupTable.load
DA:14,0
DA:14,0
DA:17,0
DA:17,0
FN:21,LookupTable.addInterface
FNDA:0,LookupTable.addInterface
DA:22,0
DA:22,0
FN:25,LookupTable.removeInterface
FNDA:0,LookupTable.removeInterface
DA:26,0
DA:26,0
FNF:3
FNH:0
LF:4
LH:0
BRF:0
BRH:0
end_of_record
TN:
SF:src/tree-proxy/leaves/RootUpgrade.sol
FN:27,RootUpgrade.load
FNDA:1,RootUpgrade.load
DA:28,1
DA:28,1
DA:31,1
DA:31,1
FN:35,RootUpgrade.validateBranchUpgrade
FNDA:0,RootUpgrade.validateBranchUpgrade
DA:36,0
DA:36,0
DA:36,0
BRDA:36,0,0,-
BRDA:36,0,1,-
DA:37,0
DA:37,0
DA:39,0
DA:39,0
DA:39,0
BRDA:39,1,0,-
BRDA:39,1,1,-
DA:40,0
DA:40,0
DA:42,0
DA:42,0
BRDA:42,2,0,-
BRDA:42,2,1,-
DA:43,0
DA:43,0
DA:45,0
DA:45,0
BRDA:45,3,0,-
BRDA:45,3,1,-
DA:46,0
DA:46,0
FN:50,RootUpgrade.getBranchAddress
FNDA:0,RootUpgrade.getBranchAddress
DA:51,0
DA:51,0
FN:54,RootUpgrade.getBranchAddresses
FNDA:0,RootUpgrade.getBranchAddresses
DA:55,0
DA:55,0
FN:58,RootUpgrade.getBranchSelectors
FNDA:1,RootUpgrade.getBranchSelectors
DA:66,1
DA:66,1
DA:67,1
DA:67,1
DA:67,1
DA:68,1
DA:68,1
DA:69,1
DA:69,1
DA:69,1
DA:69,0
DA:70,0
DA:70,0
FN:74,RootUpgrade.getBranches
FNDA:0,RootUpgrade.getBranches
DA:75,0
DA:75,0
DA:75,0
DA:76,0
DA:76,0
DA:77,0
DA:77,0
DA:80,0
DA:80,0
DA:80,0
DA:80,0
DA:81,0
DA:81,0
DA:82,0
DA:82,0
DA:82,0
DA:84,0
DA:84,0
FN:88,RootUpgrade.upgrade
FNDA:0,RootUpgrade.upgrade
DA:96,0
DA:96,0
DA:98,0
DA:98,0
DA:98,0
DA:98,0
DA:99,0
DA:99,0
DA:101,0
DA:101,0
DA:103,0
DA:103,0
BRDA:103,4,0,-
BRDA:103,4,1,-
DA:104,0
DA:104,0
DA:105,0
DA:105,0
BRDA:105,5,0,-
BRDA:105,5,1,-
DA:106,0
DA:106,0
DA:107,0
DA:107,0
BRDA:107,6,0,-
BRDA:107,6,1,-
DA:108,0
DA:108,0
DA:112,0
DA:112,0
FN:115,RootUpgrade.addBranch
FNDA:0,RootUpgrade.addBranch
DA:117,0
DA:117,0
DA:119,0
DA:119,0
DA:121,0
DA:121,0
DA:121,0
DA:121,0
DA:122,0
DA:122,0
DA:124,0
DA:124,0
DA:124,0
BRDA:124,7,0,-
BRDA:124,7,1,-
DA:125,0
DA:125,0
DA:127,0
DA:127,0
DA:127,0
BRDA:127,8,0,-
BRDA:127,8,1,-
DA:128,0
DA:128,0
DA:131,0
DA:131,0
DA:133,0
DA:133,0
FN:137,RootUpgrade.replaceBranch
FNDA:0,RootUpgrade.replaceBranch
DA:139,0
DA:139,0
DA:141,0
DA:141,0
DA:143,0
DA:143,0
DA:143,0
DA:143,0
DA:144,0
DA:144,0
DA:145,0
DA:145,0
DA:147,0
DA:147,0
DA:147,0
BRDA:147,9,0,-
BRDA:147,9,1,-
DA:148,0
DA:148,0
DA:150,0
DA:150,0
DA:150,0
BRDA:150,10,0,-
BRDA:150,10,1,-
DA:151,0
DA:151,0
DA:153,0
DA:153,0
BRDA:153,11,0,-
BRDA:153,11,1,-
DA:154,0
DA:154,0
DA:156,0
DA:156,0
DA:156,0
BRDA:156,12,0,-
BRDA:156,12,1,-
DA:157,0
DA:157,0
DA:161,0
DA:161,0
DA:164,0
DA:164,0
DA:167,0
DA:167,0
DA:170,0
DA:170,0
DA:170,0
BRDA:170,13,0,-
BRDA:170,13,1,-
DA:172,0
DA:172,0
FN:177,RootUpgrade.removeBranch
FNDA:0,RootUpgrade.removeBranch
DA:178,0
DA:178,0
DA:178,0
BRDA:178,14,0,-
BRDA:178,14,1,-
DA:179,0
DA:179,0
DA:182,0
DA:182,0
DA:184,0
DA:184,0
DA:184,0
DA:184,0
DA:185,0
DA:185,0
DA:187,0
DA:187,0
DA:187,0
BRDA:187,15,0,-
BRDA:187,15,1,-
DA:188,0
DA:188,0
DA:190,0
DA:190,0
BRDA:190,16,0,-
BRDA:190,16,1,-
DA:191,0
DA:191,0
DA:194,0
DA:194,0
DA:196,0
DA:196,0
DA:200,0
DA:200,0
DA:200,0
BRDA:200,17,0,-
BRDA:200,17,1,-
DA:202,0
DA:202,0
FN:206,RootUpgrade.initializeRootUpgrade
FNDA:0,RootUpgrade.initializeRootUpgrade
DA:213,0
DA:213,0
DA:213,0
DA:213,0
DA:214,0
DA:214,0
DA:215,0
DA:215,0
DA:217,0
DA:217,0
BRDA:217,18,0,-
BRDA:217,18,1,-
DA:218,0
DA:218,0
DA:221,0
DA:221,0
FNF:11
FNH:2
LF:82
LH:6
BRF:38
BRH:0
end_of_record
TN:
SF:src/usd/USDToken.sol
FN:15,USDToken.mint
FNDA:0,USDToken.mint
DA:16,0
DA:16,0
DA:17,0
DA:17,0
FN:20,USDToken.burn
FNDA:0,USDToken.burn
DA:21,0
DA:21,0
DA:22,0
DA:22,0
FN:25,USDToken._requireAmountNotZero
FNDA:0,USDToken._requireAmountNotZero
DA:26,0
DA:26,0
BRDA:26,0,0,-
BRDA:26,0,1,-
DA:27,0
DA:27,0
FNF:3
FNH:0
LF:6
LH:0
BRF:2
BRH:0
end_of_record
TN:
SF:src/utils/Math.sol
FN:9,Math.divUp
FNDA:0,Math.divUp
DA:10,0
DA:10,0
DA:10,0
FN:13,Math.divUp
FNDA:0,Math.divUp
DA:14,0
DA:14,0
DA:14,0
FN:17,Math.max
FNDA:0,Math.max
DA:18,0
DA:18,0
DA:18,0
FN:21,Math.max
FNDA:0,Math.max
DA:22,0
DA:22,0
DA:22,0
FN:25,Math.min
FNDA:0,Math.min
DA:26,0
DA:26,0
DA:26,0
FN:29,Math.min
FNDA:0,Math.min
DA:30,0
DA:30,0
DA:30,0
FNF:6
FNH:0
LF:6
LH:0
BRF:0
BRH:0
end_of_record
TN:
SF:test/Base.t.sol
FN:116,Base_Test.setUp
FNDA:1,Base_Test.setUp
DA:117,1
DA:117,1
DA:129,1
DA:129,1
DA:131,1
DA:131,1
DA:133,1
DA:133,1
DA:134,1
DA:134,1
DA:134,1
DA:135,1
DA:135,1
DA:135,1
DA:136,1
DA:136,1
DA:137,1
DA:137,1
DA:138,1
DA:138,1
DA:138,1
DA:139,1
DA:139,1
DA:140,1
DA:140,1
DA:142,1
DA:142,1
DA:144,1
DA:144,1
DA:144,1
DA:150,1
DA:150,1
DA:152,1
DA:152,1
DA:154,1
DA:154,1
DA:155,1
DA:155,1
DA:156,1
DA:156,1
DA:158,1
DA:158,1
DA:160,1
DA:160,1
DA:161,1
DA:161,1
DA:162,1
DA:162,1
DA:163,1
DA:163,1
DA:164,1
DA:164,1
DA:165,1
DA:165,1
DA:167,1
DA:167,1
DA:168,1
DA:168,1
DA:169,1
DA:169,1
DA:170,1
DA:170,1
DA:171,1
DA:171,1
DA:172,1
DA:172,1
DA:174,1
DA:174,1
DA:176,1
DA:176,1
DA:178,1
DA:178,1
DA:179,1
DA:179,1
DA:181,1
DA:181,1
DA:182,1
DA:182,1
DA:184,1
DA:184,1
DA:185,1
DA:185,1
DA:186,1
DA:186,1
DA:192,1
DA:192,1
DA:193,1
DA:193,1
DA:195,1
DA:195,1
DA:196,1
DA:196,1
DA:197,1
DA:197,1
FN:205,Base_Test.createUser
FNDA:10,Base_Test.createUser
DA:206,10
DA:206,10
DA:206,10
DA:207,10
DA:207,10
DA:209,10
DA:209,10
DA:209,10
FN:213,Base_Test.approveContracts
FNDA:1,Base_Test.approveContracts
DA:214,1
DA:214,1
DA:214,7
DA:214,6
DA:215,6
DA:215,6
DA:216,6
DA:216,6
DA:221,6
DA:221,6
DA:222,6
DA:222,6
DA:227,6
DA:227,6
DA:228,6
DA:228,6
DA:233,6
DA:233,6
DA:234,6
DA:234,6
DA:240,1
DA:240,1
FN:243,Base_Test.mintTokens
FNDA:1,Base_Test.mintTokens
DA:244,1
DA:244,1
DA:246,1
DA:246,1
DA:246,7
DA:246,6
DA:247,6
DA:247,6
DA:247,6
BRDA:247,0,0,5
BRDA:247,0,1,6
DA:248,6
DA:248,6
DA:251,5
DA:251,5
DA:252,5
DA:252,5
DA:254,5
DA:254,5
DA:255,5
DA:255,5
DA:257,5
DA:257,5
DA:258,5
DA:258,5
DA:260,5
DA:260,5
DA:261,5
DA:261,5
FN:265,Base_Test.configureContracts
FNDA:1,Base_Test.configureContracts
DA:266,1
DA:266,1
DA:269,1
DA:269,1
FN:272,Base_Test.configureLiquidationKeepers
FNDA:1,Base_Test.configureLiquidationKeepers
DA:273,1
DA:273,1
DA:274,1
DA:274,1
DA:277,1
DA:277,1
DA:277,1
DA:278,1
DA:278,1
DA:278,1
DA:280,1
DA:280,1
DA:281,1
DA:281,1
DA:283,1
DA:283,1
DA:285,1
DA:285,1
FN:288,Base_Test.configureSystemParameters
FNDA:1,Base_Test.configureSystemParameters
DA:289,1
DA:289,1
FN:301,Base_Test.createPerpMarkets
FNDA:1,Base_Test.createPerpMarkets
DA:302,1
DA:302,1
DA:311,1
DA:311,1
DA:311,11
DA:311,10
DA:312,10
DA:312,10
FN:316,Base_Test.getFuzzMarketConfig
FNDA:0,Base_Test.getFuzzMarketConfig
DA:317,0
DA:317,0
DA:319,0
DA:319,0
DA:320,0
DA:320,0
DA:321,0
DA:321,0
DA:323,0
DA:323,0
DA:323,0
DA:325,0
DA:325,0
FN:328,Base_Test.getPrice
FNDA:0,Base_Test.getPrice
DA:329,0
DA:329,0
DA:329,0
DA:330,0
DA:330,0
DA:330,0
DA:332,0
DA:332,0
DA:332,0
FN:335,Base_Test.convertTokenAmountToUd60x18
FNDA:0,Base_Test.convertTokenAmountToUd60x18
DA:336,0
DA:336,0
DA:336,0
DA:337,0
DA:337,0
BRDA:337,1,0,-
BRDA:337,1,1,-
DA:338,0
DA:338,0
DA:338,0
DA:340,0
DA:340,0
DA:340,0
FN:343,Base_Test.convertUd60x18ToTokenAmount
FNDA:20,Base_Test.convertUd60x18ToTokenAmount
DA:351,20
DA:351,20
DA:351,20
DA:352,20
DA:352,20
BRDA:352,2,0,12
BRDA:352,2,1,8
DA:353,12
DA:353,12
DA:353,12
DA:356,8
DA:356,8
DA:356,8
DA:356,8
FN:359,Base_Test.getMockedSignedReport
FNDA:0,Base_Test.getMockedSignedReport
DA:367,0
DA:367,0
DA:369,0
DA:369,0
DA:369,0
DA:381,0
DA:381,0
DA:383,0
DA:383,0
DA:384,0
DA:384,0
DA:385,0
DA:385,0
DA:386,0
DA:386,0
DA:388,0
DA:388,0
FN:391,Base_Test.getMockedSignedReportWithValidFromTimestampZero
FNDA:0,Base_Test.getMockedSignedReportWithValidFromTimestampZero
DA:399,0
DA:399,0
DA:401,0
DA:401,0
DA:401,0
DA:413,0
DA:413,0
DA:415,0
DA:415,0
DA:416,0
DA:416,0
DA:417,0
DA:417,0
DA:418,0
DA:418,0
DA:420,0
DA:420,0
FN:423,Base_Test.createAccountAndDeposit
FNDA:0,Base_Test.createAccountAndDeposit
DA:430,0
DA:430,0
DA:431,0
DA:431,0
FN:434,Base_Test.updatePerpMarketMarginRequirements
FNDA:0,Base_Test.updatePerpMarketMarginRequirements
DA:435,0
DA:435,0
DA:435,0
DA:451,0
DA:451,0
FN:454,Base_Test.updatePerpMarketMaxOi
FNDA:0,Base_Test.updatePerpMarketMaxOi
DA:455,0
DA:455,0
DA:455,0
DA:471,0
DA:471,0
FN:474,Base_Test.updatePerpMarketMaxSkew
FNDA:0,Base_Test.updatePerpMarketMaxSkew
DA:475,0
DA:475,0
DA:475,0
DA:491,0
DA:491,0
FN:494,Base_Test.updateMockPriceFeed
FNDA:0,Base_Test.updateMockPriceFeed
DA:495,0
DA:495,0
DA:495,0
DA:496,0
DA:496,0
FN:520,Base_Test.fuzzOrderSizeDelta
FNDA:0,Base_Test.fuzzOrderSizeDelta
DA:521,0
DA:521,0
DA:523,0
DA:523,0
DA:524,0
DA:524,0
DA:526,0
DA:526,0
DA:528,0
DA:528,0
DA:528,0
DA:532,0
DA:532,0
DA:533,0
DA:533,0
DA:540,0
DA:540,0
FN:561,Base_Test.openPosition
FNDA:0,Base_Test.openPosition
DA:570,0
DA:570,0
DA:572,0
DA:572,0
DA:574,0
DA:574,0
DA:574,0
DA:590,0
DA:590,0
DA:598,0
DA:598,0
DA:599,0
DA:599,0
DA:601,0
DA:601,0
DA:604,0
DA:604,0
DA:606,0
DA:606,0
FN:609,Base_Test.setAccountsAsLiquidatable
FNDA:0,Base_Test.setAccountsAsLiquidatable
DA:610,0
DA:610,0
DA:610,0
DA:611,0
DA:611,0
DA:611,0
DA:615,0
DA:615,0
FN:618,Base_Test.openManualPosition
FNDA:0,Base_Test.openManualPosition
DA:627,0
DA:627,0
DA:635,0
DA:635,0
DA:635,0
DA:636,0
DA:636,0
DA:638,0
DA:638,0
DA:639,0
DA:639,0
FN:647,Base_Test.expectCallToTransfer
FNDA:0,Base_Test.expectCallToTransfer
DA:648,0
DA:648,0
FN:652,Base_Test.expectCallToTransferFrom
FNDA:0,Base_Test.expectCallToTransferFrom
DA:653,0
DA:653,0
FNF:25
FNH:9
LF:154
LH:88
BRF:6
BRH:4
end_of_record
TN:
SF:test/harnesses/perpetuals/leaves/GlobalConfigurationHarness.sol
FN:14,GlobalConfigurationHarness.workaround_getSequencerUptimeFeedByChainId
FNDA:0,GlobalConfigurationHarness.workaround_getSequencerUptimeFeedByChainId
DA:15,0
DA:15,0
DA:15,0
DA:17,0
DA:17,0
FN:20,GlobalConfigurationHarness.workaround_getCollateralLiquidationPriority
FNDA:0,GlobalConfigurationHarness.workaround_getCollateralLiquidationPriority
DA:21,0
DA:21,0
DA:21,0
DA:22,0
DA:22,0
DA:22,0
DA:24,0
DA:24,0
DA:24,0
DA:26,0
DA:26,0
DA:26,0
DA:26,0
DA:27,0
DA:27,0
DA:30,0
DA:30,0
FN:33,GlobalConfigurationHarness.workaround_getTradingAccountToken
FNDA:0,GlobalConfigurationHarness.workaround_getTradingAccountToken
DA:34,0
DA:34,0
DA:34,0
DA:36,0
DA:36,0
FN:39,GlobalConfigurationHarness.workaround_getUsdToken
FNDA:0,GlobalConfigurationHarness.workaround_getUsdToken
DA:40,0
DA:40,0
DA:40,0
DA:42,0
DA:42,0
FN:45,GlobalConfigurationHarness.workaround_getAccountIdWithActivePositions
FNDA:0,GlobalConfigurationHarness.workaround_getAccountIdWithActivePositions
DA:46,0
DA:46,0
DA:46,0
DA:48,0
DA:48,0
DA:48,0
FN:51,GlobalConfigurationHarness.workaround_getAccountsIdsWithActivePositionsLength
FNDA:0,GlobalConfigurationHarness.workaround_getAccountsIdsWithActivePositionsLength
DA:52,0
DA:52,0
DA:52,0
DA:54,0
DA:54,0
DA:54,0
FN:57,GlobalConfigurationHarness.exposed_checkMarketIsEnabled
FNDA:0,GlobalConfigurationHarness.exposed_checkMarketIsEnabled
DA:58,0
DA:58,0
DA:58,0
DA:59,0
DA:59,0
FN:62,GlobalConfigurationHarness.exposed_addMarket
FNDA:0,GlobalConfigurationHarness.exposed_addMarket
DA:63,0
DA:63,0
DA:63,0
DA:64,0
DA:64,0
FN:67,GlobalConfigurationHarness.exposed_removeMarket
FNDA:0,GlobalConfigurationHarness.exposed_removeMarket
DA:68,0
DA:68,0
DA:68,0
DA:69,0
DA:69,0
FN:72,GlobalConfigurationHarness.exposed_configureCollateralLiquidationPriority
FNDA:0,GlobalConfigurationHarness.exposed_configureCollateralLiquidationPriority
DA:73,0
DA:73,0
DA:73,0
DA:74,0
DA:74,0
FN:77,GlobalConfigurationHarness.exposed_removeCollateralFromLiquidationPriority
FNDA:0,GlobalConfigurationHarness.exposed_removeCollateralFromLiquidationPriority
DA:78,0
DA:78,0
DA:78,0
DA:79,0
DA:79,0
FNF:11
FNH:0
LF:26
LH:0
BRF:0
BRH:0
end_of_record
TN:
SF:test/harnesses/perpetuals/leaves/MarginCollateralConfigurationHarness.sol
FN:11,MarginCollateralConfigurationHarness.workaround_getTotalDeposited
FNDA:0,MarginCollateralConfigurationHarness.workaround_getTotalDeposited
DA:12,0
DA:12,0
FN:15,MarginCollateralConfigurationHarness.exposed_MarginCollateral_load
FNDA:0,MarginCollateralConfigurationHarness.exposed_MarginCollateral_load
DA:20,0
DA:20,0
DA:20,0
FN:23,MarginCollateralConfigurationHarness.exposed_convertTokenAmountToUd60x18
FNDA:0,MarginCollateralConfigurationHarness.exposed_convertTokenAmountToUd60x18
DA:31,0
DA:31,0
DA:31,0
DA:32,0
DA:32,0
DA:32,0
FN:35,MarginCollateralConfigurationHarness.exposed_convertUd60x18ToTokenAmount
FNDA:0,MarginCollateralConfigurationHarness.exposed_convertUd60x18ToTokenAmount
DA:43,0
DA:43,0
DA:43,0
DA:44,0
DA:44,0
DA:44,0
FN:47,MarginCollateralConfigurationHarness.exposed_getPrice
FNDA:0,MarginCollateralConfigurationHarness.exposed_getPrice
DA:48,0
DA:48,0
DA:48,0
DA:49,0
DA:49,0
DA:49,0
FN:52,MarginCollateralConfigurationHarness.exposed_configure
FNDA:0,MarginCollateralConfigurationHarness.exposed_configure
DA:62,0
DA:62,0
FNF:6
FNH:0
LF:9
LH:0
BRF:0
BRH:0
end_of_record
TN:
SF:test/harnesses/perpetuals/leaves/MarketConfigurationHarness.sol
FN:9,MarketConfigurationHarness.exposed_update
FNDA:0,MarketConfigurationHarness.exposed_update
DA:10,0
DA:10,0
DA:10,0
DA:11,0
DA:11,0
DA:13,0
DA:13,0
FNF:1
FNH:0
LF:3
LH:0
BRF:0
BRH:0
end_of_record
TN:
SF:test/harnesses/perpetuals/leaves/MarketOrderHarness.sol
FN:8,MarketOrderHarness.exposed_MarketOrder_load
FNDA:0,MarketOrderHarness.exposed_MarketOrder_load
DA:9,0
DA:9,0
DA:9,0
FN:12,MarketOrderHarness.exposed_MarketOrder_loadExisting
FNDA:0,MarketOrderHarness.exposed_MarketOrder_loadExisting
DA:17,0
DA:17,0
DA:17,0
FN:20,MarketOrderHarness.exposed_update
FNDA:0,MarketOrderHarness.exposed_update
DA:21,0
DA:21,0
DA:21,0
DA:22,0
DA:22,0
FN:25,MarketOrderHarness.exposed_clear
FNDA:0,MarketOrderHarness.exposed_clear
DA:26,0
DA:26,0
DA:26,0
DA:27,0
DA:27,0
FN:30,MarketOrderHarness.exposed_checkPendingOrder
FNDA:0,MarketOrderHarness.exposed_checkPendingOrder
DA:31,0
DA:31,0
DA:31,0
DA:32,0
DA:32,0
FNF:5
FNH:0
LF:8
LH:0
BRF:0
BRH:0
end_of_record
TN:
SF:test/harnesses/perpetuals/leaves/PerpMarketHarness.sol
FN:12,PerpMarketHarness.exposed_PerpMarket_load
FNDA:0,PerpMarketHarness.exposed_PerpMarket_load
DA:13,0
DA:13,0
DA:13,0
FN:16,PerpMarketHarness.exposed_getIndexPrice
FNDA:0,PerpMarketHarness.exposed_getIndexPrice
DA:17,0
DA:17,0
DA:17,0
DA:18,0
DA:18,0
DA:18,0
FN:21,PerpMarketHarness.exposed_getMarkPrice
FNDA:0,PerpMarketHarness.exposed_getMarkPrice
DA:30,0
DA:30,0
DA:30,0
DA:31,0
DA:31,0
DA:31,0
FN:34,PerpMarketHarness.exposed_getCurrentFundingRate
FNDA:0,PerpMarketHarness.exposed_getCurrentFundingRate
DA:35,0
DA:35,0
DA:35,0
DA:36,0
DA:36,0
DA:36,0
FN:39,PerpMarketHarness.exposed_getCurrentFundingVelocity
FNDA:0,PerpMarketHarness.exposed_getCurrentFundingVelocity
DA:40,0
DA:40,0
DA:40,0
DA:41,0
DA:41,0
DA:41,0
FN:44,PerpMarketHarness.exposed_getOrderFeeUsd
FNDA:0,PerpMarketHarness.exposed_getOrderFeeUsd
DA:53,0
DA:53,0
DA:53,0
DA:54,0
DA:54,0
DA:54,0
FN:57,PerpMarketHarness.exposed_getNextFundingFeePerUnit
FNDA:0,PerpMarketHarness.exposed_getNextFundingFeePerUnit
DA:66,0
DA:66,0
DA:66,0
DA:67,0
DA:67,0
DA:67,0
FN:70,PerpMarketHarness.exposed_getPendingFundingFeePerUnit
FNDA:0,PerpMarketHarness.exposed_getPendingFundingFeePerUnit
DA:79,0
DA:79,0
DA:79,0
DA:80,0
DA:80,0
DA:80,0
FN:83,PerpMarketHarness.exposed_getProportionalElapsedSinceLastFunding
FNDA:0,PerpMarketHarness.exposed_getProportionalElapsedSinceLastFunding
DA:84,0
DA:84,0
DA:84,0
DA:85,0
DA:85,0
DA:85,0
FN:88,PerpMarketHarness.exposed_checkOpenInterestLimits
FNDA:0,PerpMarketHarness.exposed_checkOpenInterestLimits
DA:98,0
DA:98,0
DA:98,0
DA:99,0
DA:99,0
DA:99,0
FN:102,PerpMarketHarness.exposed_checkTradeSize
FNDA:0,PerpMarketHarness.exposed_checkTradeSize
DA:103,0
DA:103,0
DA:103,0
DA:104,0
DA:104,0
FN:107,PerpMarketHarness.exposed_updateFunding
FNDA:0,PerpMarketHarness.exposed_updateFunding
DA:108,0
DA:108,0
DA:108,0
DA:109,0
DA:109,0
FN:112,PerpMarketHarness.exposed_updateOpenInterest
FNDA:0,PerpMarketHarness.exposed_updateOpenInterest
DA:113,0
DA:113,0
DA:113,0
DA:114,0
DA:114,0
FN:117,PerpMarketHarness.exposed_create
FNDA:0,PerpMarketHarness.exposed_create
DA:118,0
DA:118,0
FNF:14
FNH:0
LF:26
LH:0
BRF:0
BRH:0
end_of_record
TN:
SF:test/harnesses/perpetuals/leaves/PositionHarness.sol
FN:12,PositionHarness.exposed_Position_load
FNDA:0,PositionHarness.exposed_Position_load
DA:20,0
DA:20,0
DA:20,0
FN:23,PositionHarness.exposed_getState
FNDA:0,PositionHarness.exposed_getState
DA:35,0
DA:35,0
DA:35,0
DA:36,0
DA:36,0
DA:36,0
FN:39,PositionHarness.exposed_update
FNDA:0,PositionHarness.exposed_update
DA:40,0
DA:40,0
DA:40,0
DA:41,0
DA:41,0
FN:44,PositionHarness.exposed_clear
FNDA:0,PositionHarness.exposed_clear
DA:45,0
DA:45,0
DA:45,0
DA:46,0
DA:46,0
FN:49,PositionHarness.exposed_getAccruedFunding
FNDA:0,PositionHarness.exposed_getAccruedFunding
DA:58,0
DA:58,0
DA:58,0
DA:59,0
DA:59,0
DA:59,0
FN:62,PositionHarness.exposed_isNotionalValueIncreasing
FNDA:0,PositionHarness.exposed_isNotionalValueIncreasing
DA:71,0
DA:71,0
DA:71,0
FN:74,PositionHarness.exposed_getMarginRequirements
FNDA:0,PositionHarness.exposed_getMarginRequirements
DA:83,0
DA:83,0
DA:83,0
FN:86,PositionHarness.exposed_getUnrealizedPnl
FNDA:0,PositionHarness.exposed_getUnrealizedPnl
DA:95,0
DA:95,0
DA:95,0
DA:96,0
DA:96,0
DA:96,0
FN:99,PositionHarness.exposed_getNotionalValue
FNDA:0,PositionHarness.exposed_getNotionalValue
DA:108,0
DA:108,0
DA:108,0
DA:109,0
DA:109,0
DA:109,0
FNF:9
FNH:0
LF:15
LH:0
BRF:0
BRH:0
end_of_record
TN:
SF:test/harnesses/perpetuals/leaves/SettlementConfigurationHarness.sol
FN:11,SettlementConfigurationHarness.exposed_SettlementConfiguration_load
FNDA:0,SettlementConfigurationHarness.exposed_SettlementConfiguration_load
DA:19,0
DA:19,0
DA:19,0
FN:22,SettlementConfigurationHarness.exposed_checkIsSettlementEnabled
FNDA:0,SettlementConfigurationHarness.exposed_checkIsSettlementEnabled
DA:23,0
DA:23,0
DA:23,0
DA:25,0
DA:25,0
FN:28,SettlementConfigurationHarness.exposed_requireDataStreamsReportIsVaid
FNDA:0,SettlementConfigurationHarness.exposed_requireDataStreamsReportIsVaid
DA:36,0
DA:36,0
FN:39,SettlementConfigurationHarness.exposed_update
FNDA:0,SettlementConfigurationHarness.exposed_update
DA:46,0
DA:46,0
FN:49,SettlementConfigurationHarness.exposed_verifyOffchainPrice
FNDA:0,SettlementConfigurationHarness.exposed_verifyOffchainPrice
DA:58,0
DA:58,0
DA:58,0
DA:60,0
DA:60,0
DA:60,0
FN:63,SettlementConfigurationHarness.exposed_verifyDataStreamsReport
FNDA:0,SettlementConfigurationHarness.exposed_verifyDataStreamsReport
DA:70,0
DA:70,0
DA:70,0
FNF:6
FNH:0
LF:8
LH:0
BRF:0
BRH:0
end_of_record
TN:
SF:test/harnesses/perpetuals/leaves/TradingAccountHarness.sol
FN:20,TradingAccountHarness.workaround_getIfMarginCollateralBalanceX18ContainsTheCollateral
FNDA:0,TradingAccountHarness.workaround_getIfMarginCollateralBalanceX18ContainsTheCollateral
DA:28,0
DA:28,0
DA:28,0
DA:30,0
DA:30,0
DA:30,0
FN:33,TradingAccountHarness.workaround_getActiveMarketId
FNDA:0,TradingAccountHarness.workaround_getActiveMarketId
DA:34,0
DA:34,0
DA:34,0
DA:36,0
DA:36,0
DA:36,0
FN:39,TradingAccountHarness.workaround_getActiveMarketsIdsLength
FNDA:0,TradingAccountHarness.workaround_getActiveMarketsIdsLength
DA:40,0
DA:40,0
DA:40,0
DA:42,0
DA:42,0
DA:42,0
FN:45,TradingAccountHarness.workaround_getNonce
FNDA:0,TradingAccountHarness.workaround_getNonce
DA:46,0
DA:46,0
DA:46,0
DA:48,0
DA:48,0
FN:51,TradingAccountHarness.workaround_hasOffchainOrderBeenFilled
FNDA:0,TradingAccountHarness.workaround_hasOffchainOrderBeenFilled
DA:59,0
DA:59,0
DA:59,0
DA:61,0
DA:61,0
FN:64,TradingAccountHarness.exposed_TradingAccount_loadExisting
FNDA:0,TradingAccountHarness.exposed_TradingAccount_loadExisting
DA:65,0
DA:65,0
FN:68,TradingAccountHarness.exposed_loadExistingAccountAndVerifySender
FNDA:0,TradingAccountHarness.exposed_loadExistingAccountAndVerifySender
DA:69,0
DA:69,0
FN:72,TradingAccountHarness.exposed_validatePositionsLimit
FNDA:0,TradingAccountHarness.exposed_validatePositionsLimit
DA:73,0
DA:73,0
DA:73,0
DA:74,0
DA:74,0
FN:77,TradingAccountHarness.exposed_validateMarginRequirements
FNDA:0,TradingAccountHarness.exposed_validateMarginRequirements
DA:86,0
DA:86,0
DA:86,0
DA:87,0
DA:87,0
FN:90,TradingAccountHarness.exposed_getMarginCollateralBalance
FNDA:0,TradingAccountHarness.exposed_getMarginCollateralBalance
DA:98,0
DA:98,0
DA:98,0
DA:100,0
DA:100,0
DA:100,0
FN:103,TradingAccountHarness.exposed_getEquityUsd
FNDA:0,TradingAccountHarness.exposed_getEquityUsd
DA:111,0
DA:111,0
DA:111,0
DA:113,0
DA:113,0
DA:113,0
FN:116,TradingAccountHarness.exposed_getMarginBalanceUsd
FNDA:0,TradingAccountHarness.exposed_getMarginBalanceUsd
DA:124,0
DA:124,0
DA:124,0
DA:126,0
DA:126,0
DA:126,0
FN:129,TradingAccountHarness.exposed_getAccountMarginRequirementUsdAndUnrealizedPnlUsd
FNDA:0,TradingAccountHarness.exposed_getAccountMarginRequirementUsdAndUnrealizedPnlUsd
DA:138,0
DA:138,0
DA:138,0
DA:140,0
DA:140,0
DA:140,0
FN:143,TradingAccountHarness.exposed_getAccontUnrealizedPnlUsd
FNDA:0,TradingAccountHarness.exposed_getAccontUnrealizedPnlUsd
DA:144,0
DA:144,0
DA:144,0
DA:146,0
DA:146,0
DA:146,0
FN:149,TradingAccountHarness.exposed_verifySender
FNDA:0,TradingAccountHarness.exposed_verifySender
DA:150,0
DA:150,0
FN:153,TradingAccountHarness.exposed_isLiquidatable
FNDA:0,TradingAccountHarness.exposed_isLiquidatable
DA:161,0
DA:161,0
DA:161,0
FN:164,TradingAccountHarness.exposed_create
FNDA:0,TradingAccountHarness.exposed_create
DA:165,0
DA:165,0
FN:168,TradingAccountHarness.exposed_deposit
FNDA:0,TradingAccountHarness.exposed_deposit
DA:169,0
DA:169,0
DA:169,0
DA:171,0
DA:171,0
FN:174,TradingAccountHarness.exposed_withdraw
FNDA:0,TradingAccountHarness.exposed_withdraw
DA:175,0
DA:175,0
DA:175,0
DA:177,0
DA:177,0
FN:180,TradingAccountHarness.exposed_withdrawMarginUsd
FNDA:0,TradingAccountHarness.exposed_withdrawMarginUsd
DA:190,0
DA:190,0
DA:190,0
DA:192,0
DA:192,0
DA:192,0
FN:197,TradingAccountHarness.exposed_deductAccountMargin
FNDA:0,TradingAccountHarness.exposed_deductAccountMargin
DA:207,0
DA:207,0
DA:207,0
DA:209,0
DA:209,0
DA:209,0
FN:212,TradingAccountHarness.exposed_updateActiveMarkets
FNDA:0,TradingAccountHarness.exposed_updateActiveMarkets
DA:220,0
DA:220,0
DA:220,0
DA:222,0
DA:222,0
FNF:22
FNH:0
LF:39
LH:0
BRF:0
BRH:0
end_of_record
TN:
SF:test/integration/tree-proxy/upgrade-branch/upgrade/upgrade.t.sol
FN:26,NewOrderBranch.getName
FNDA:0,NewOrderBranch.getName
DA:27,0
DA:27,0
DA:28,0
DA:28,0
FNF:1
FNH:0
LF:2
LH:0
BRF:0
BRH:0
end_of_record
TN:
SF:test/invariant/TestInvariantFoundry.t.sol
FN:26,TestInvariantFoundry.setUp
FNDA:1,TestInvariantFoundry.setUp
DA:27,1
DA:27,1
DA:28,1
DA:28,1
DA:29,1
DA:29,1
DA:30,1
DA:30,1
DA:31,1
DA:31,1
DA:33,1
DA:33,1
DA:34,1
DA:34,1
DA:35,1
DA:35,1
DA:36,1
DA:36,1
DA:37,1
DA:37,1
DA:39,1
DA:39,1
DA:41,1
DA:41,1
DA:41,1
DA:43,1
DA:43,1
DA:43,1
DA:45,1
DA:45,1
DA:46,1
DA:46,1
DA:46,9
DA:46,8
DA:47,8
DA:47,8
DA:47,66
DA:47,58
DA:48,58
DA:48,58
DA:49,58
DA:49,58
DA:53,1
DA:53,1
FN:64,TestInvariantFoundry._getTheTotalDepositedOfEachCollateralShouldBeLessThanOrEqualOfTheEachDepositCap
FNDA:0,TestInvariantFoundry._getTheTotalDepositedOfEachCollateralShouldBeLessThanOrEqualOfTheEachDepositCap
DA:65,0
DA:65,0
DA:66,0
DA:66,0
DA:66,0
DA:66,0
DA:67,0
DA:67,0
DA:67,0
DA:69,0
DA:69,0
DA:70,0
DA:70,0
DA:72,0
DA:72,0
DA:72,0
BRDA:72,0,0,-
BRDA:72,0,1,-
DA:73,0
DA:73,0
DA:74,0
DA:74,0
DA:77,0
DA:77,0
DA:78,0
DA:78,0
FN:81,TestInvariantFoundry.invariant_TheTotalDepositedOfEachCollateralShouldBeLessThanOrEqualOfTheEachDepositCap
FNDA:0,TestInvariantFoundry.invariant_TheTotalDepositedOfEachCollateralShouldBeLessThanOrEqualOfTheEachDepositCap
DA:82,0
DA:82,0
FNF:3
FNH:1
LF:30
LH:19
BRF:2
BRH:0
end_of_record
TN:
SF:test/mocks/MockAggregator.sol
FN:16,MockAggregator.minAnswer
FNDA:0,MockAggregator.minAnswer
DA:17,0
DA:17,0
FN:20,MockAggregator.maxAnswer
FNDA:0,MockAggregator.maxAnswer
DA:21,0
DA:21,0
FNF:2
FNH:0
LF:2
LH:0
BRF:0
BRH:0
end_of_record
TN:
SF:test/mocks/MockChainlinkFeeManager.sol
FN:8,MockChainlinkFeeManager.getFeeAndReward
FNDA:0,MockChainlinkFeeManager.getFeeAndReward
DA:17,0
DA:17,0
FN:21,MockChainlinkFeeManager.i_nativeAddress
FNDA:0,MockChainlinkFeeManager.i_nativeAddress
DA:22,0
DA:22,0
DA:22,0
FNF:2
FNH:0
LF:2
LH:0
BRF:0
BRH:0
end_of_record
TN:
SF:test/mocks/MockChainlinkVerifier.sol
FN:14,MockChainlinkVerifier.verify
FNDA:0,MockChainlinkVerifier.verify
DA:22,0
DA:22,0
DA:22,0
DA:24,0
DA:24,0
FNF:1
FNH:0
LF:2
LH:0
BRF:0
BRH:0
end_of_record
TN:
SF:test/mocks/MockERC20.sol
FN:23,MockERC20.decimals
FNDA:25,MockERC20.decimals
DA:24,25
DA:24,25
FN:27,MockERC20.mint
FNDA:20,MockERC20.mint
DA:28,20
DA:28,20
FN:31,MockERC20.burn
FNDA:0,MockERC20.burn
DA:32,0
DA:32,0
FNF:3
FNH:2
LF:3
LH:2
BRF:0
BRH:0
end_of_record
TN:
SF:test/mocks/MockERC20WithNoDecimals.sol
FN:15,MockERC20WithNoDecimals.decimals
FNDA:0,MockERC20WithNoDecimals.decimals
DA:16,0
DA:16,0
FNF:1
FNH:0
LF:1
LH:0
BRF:0
BRH:0
end_of_record
TN:
SF:test/mocks/MockERC20WithZeroDecimals.sol
FN:15,MockERC20WithZeroDecimals.decimals
FNDA:0,MockERC20WithZeroDecimals.decimals
DA:16,0
DA:16,0
FNF:1
FNH:0
LF:1
LH:0
BRF:0
BRH:0
end_of_record
TN:
SF:test/mocks/MockPriceFeed.sol
FN:21,MockPriceFeed.aggregator
FNDA:0,MockPriceFeed.aggregator
DA:22,0
DA:22,0
FN:25,MockPriceFeed.decimals
FNDA:0,MockPriceFeed.decimals
DA:26,0
DA:26,0
FN:29,MockPriceFeed.latestRoundData
FNDA:0,MockPriceFeed.latestRoundData
DA:34,0
DA:34,0
FN:37,MockPriceFeed.updateMockPrice
FNDA:0,MockPriceFeed.updateMockPrice
DA:38,0
DA:38,0
DA:40,0
DA:40,0
DA:41,0
DA:41,0
DA:42,0
DA:42,0
FN:45,MockPriceFeed.updateMockAggregator
FNDA:0,MockPriceFeed.updateMockAggregator
DA:46,0
DA:46,0
DA:46,0
DA:47,0
DA:47,0
FNF:5
FNH:0
LF:9
LH:0
BRF:0
BRH:0
end_of_record
TN:
SF:test/mocks/MockPriceFeedOldUpdatedAt.sol
FN:8,MockPriceFeedOldUpdatedAt.decimals
FNDA:0,MockPriceFeedOldUpdatedAt.decimals
DA:9,0
DA:9,0
FN:12,MockPriceFeedOldUpdatedAt.latestRoundData
FNDA:0,MockPriceFeedOldUpdatedAt.latestRoundData
DA:17,0
DA:17,0
FNF:2
FNH:0
LF:2
LH:0
BRF:0
BRH:0
end_of_record
TN:
SF:test/mocks/MockPriceFeedWithInvalidReturn.sol
FN:8,MockPriceFeedWithInvalidReturn.decimals
FNDA:0,MockPriceFeedWithInvalidReturn.decimals
DA:9,0
DA:9,0
FN:12,MockPriceFeedWithInvalidReturn.latestRoundData
FNDA:0,MockPriceFeedWithInvalidReturn.latestRoundData
DA:13,0
DA:13,0
FNF:2
FNH:0
LF:2
LH:0
BRF:0
BRH:0
end_of_record
TN:
SF:test/mocks/MockSequencerUptimeFeed.sol
FN:12,MockSequencerUptimeFeed.latestRoundData
FNDA:0,MockSequencerUptimeFeed.latestRoundData
DA:17,0
DA:17,0
FN:20,MockSequencerUptimeFeed.updateAnswer
FNDA:0,MockSequencerUptimeFeed.updateAnswer
DA:21,0
DA:21,0
FNF:2
FNH:0
LF:2
LH:0
BRF:0
BRH:0
end_of_record
TN:
SF:test/mocks/MockSequencerUptimeFeedDown.sol
FN:6,MockSequencerUptimeFeedDown.latestRoundData
FNDA:0,MockSequencerUptimeFeedDown.latestRoundData
DA:11,0
DA:11,0
FNF:1
FNH:0
LF:1
LH:0
BRF:0
BRH:0
end_of_record
TN:
SF:test/mocks/MockSequencerUptimeFeedGracePeriodNotOver.sol
FN:6,MockSequencerUptimeFeedGracePeriodNotOver.latestRoundData
FNDA:0,MockSequencerUptimeFeedGracePeriodNotOver.latestRoundData
DA:11,0
DA:11,0
FNF:1
FNH:0
LF:1
LH:0
BRF:0
BRH:0
end_of_record
TN:
SF:test/mocks/MockUSDToken.sol
FN:13,MockUSDToken.mockMint
FNDA:0,MockUSDToken.mockMint
DA:14,0
DA:14,0
FNF:1
FNH:0
LF:1
LH:0
BRF:0
BRH:0
end_of_record
TN:
SF:testnet/LimitedMintingERC20.sol
FN:17,LimitedMintingERC20.getAmountMintedPerAddress
FNDA:0,LimitedMintingERC20.getAmountMintedPerAddress
DA:18,0
DA:18,0
FN:21,LimitedMintingERC20.initialize
FNDA:0,LimitedMintingERC20.initialize
DA:22,0
DA:22,0
DA:24,0
DA:24,0
DA:25,0
DA:25,0
DA:26,0
DA:26,0
FN:29,LimitedMintingERC20.mint
FNDA:0,LimitedMintingERC20.mint
DA:30,0
DA:30,0
DA:30,0
BRDA:30,0,0,-
BRDA:30,0,1,-
DA:31,0
DA:31,0
DA:32,0
DA:32,0
DA:35,0
DA:35,0
DA:37,0
DA:37,0
FN:40,LimitedMintingERC20.burn
FNDA:0,LimitedMintingERC20.burn
DA:41,0
DA:41,0
DA:42,0
DA:42,0
FN:45,LimitedMintingERC20.updateMaxAmountToMintPerAddress
FNDA:0,LimitedMintingERC20.updateMaxAmountToMintPerAddress
DA:46,0
DA:46,0
FN:49,LimitedMintingERC20._requireAmountNotZero
FNDA:0,LimitedMintingERC20._requireAmountNotZero
DA:50,0
DA:50,0
BRDA:50,1,0,-
BRDA:50,1,1,-
DA:50,0
FN:53,LimitedMintingERC20._requireAmountLessThanMaxAmountMint
FNDA:0,LimitedMintingERC20._requireAmountLessThanMaxAmountMint
DA:54,0
DA:54,0
DA:54,0
BRDA:54,2,0,-
BRDA:54,2,1,-
DA:55,0
DA:55,0
FN:59,LimitedMintingERC20._authorizeUpgrade
FNDA:0,LimitedMintingERC20._authorizeUpgrade
FNF:8
FNH:0
LF:16
LH:0
BRF:6
BRH:0
end_of_record
TN:
SF:testnet/branches/GlobalConfigurationBranchTestnet.sol
FN:16,GlobalConfigurationBranchTestnet.setUserPoints
FNDA:0,GlobalConfigurationBranchTestnet.setUserPoints
DA:17,0
DA:17,0
FNF:1
FNH:0
LF:1
LH:0
BRF:0
BRH:0
end_of_record
TN:
SF:testnet/branches/TradingAccountBranchTestnet.sol
FN:32,TradingAccountBranchTestnet.isUserAccountCreated
FNDA:0,TradingAccountBranchTestnet.isUserAccountCreated
DA:33,0
DA:33,0
FN:36,TradingAccountBranchTestnet.createTradingAccount
FNDA:0,TradingAccountBranchTestnet.createTradingAccount
DA:37,0
DA:37,0
DA:38,0
BRDA:38,0,0,-
BRDA:38,0,1,-
DA:39,0
DA:39,0
DA:42,0
DA:42,0
DA:42,0
DA:43,0
DA:43,0
DA:45,0
DA:45,0
FN:48,TradingAccountBranchTestnet.depositMargin
FNDA:0,TradingAccountBranchTestnet.depositMargin
DA:57,0
DA:57,0
DA:59,0
DA:59,0
DA:59,0
DA:60,0
DA:60,0
DA:60,0
DA:62,0
DA:62,0
DA:62,0
BRDA:62,1,0,-
BRDA:62,1,1,-
DA:63,0
DA:63,0
FNF:3
FNH:0
LF:12
LH:0
BRF:4
BRH:0
end_of_record
TN:
SF:testnet/leaves/CustomReferralConfigurationTestnet.sol
FN:12,CustomReferralConfigurationTestnet.load
FNDA:0,CustomReferralConfigurationTestnet.load
DA:17,0
DA:17,0
DA:17,0
DA:20,0
DA:20,0
FNF:1
FNH:0
LF:2
LH:0
BRF:0
BRH:0
end_of_record
TN:
SF:testnet/leaves/Points.sol
FN:29,Points.load
FNDA:0,Points.load
DA:30,0
DA:30,0
DA:30,0
DA:33,0
DA:33,0
FN:37,Points.updatePnlPoints
FNDA:0,Points.updatePnlPoints
DA:38,0
DA:38,0
DA:38,0
DA:39,0
DA:39,0
DA:40,0
DA:40,0
DA:40,0
DA:42,0
DA:42,0
DA:42,0
BRDA:42,0,0,-
BRDA:42,0,1,-
DA:43,0
DA:43,0
DA:46,0
DA:46,0
DA:46,0
DA:50,0
DA:50,0
BRDA:50,1,0,-
BRDA:50,1,1,-
DA:51,0
DA:51,0
DA:54,0
DA:54,0
DA:54,0
DA:55,0
DA:55,0
DA:55,0
DA:57,0
DA:57,0
DA:58,0
DA:58,0
DA:60,0
DA:60,0
FN:63,Points.updateTradingVolumePoints
FNDA:0,Points.updateTradingVolumePoints
DA:64,0
DA:64,0
DA:64,0
DA:65,0
DA:65,0
DA:66,0
DA:66,0
DA:66,0
DA:68,0
DA:68,0
DA:68,0
BRDA:68,2,0,-
BRDA:68,2,1,-
DA:69,0
DA:69,0
DA:72,0
DA:72,0
DA:72,0
DA:76,0
DA:76,0
BRDA:76,3,0,-
BRDA:76,3,1,-
DA:77,0
DA:77,0
DA:80,0
DA:80,0
DA:80,0
DA:81,0
DA:81,0
DA:81,0
DA:83,0
DA:83,0
DA:84,0
DA:84,0
DA:86,0
DA:86,0
FNF:3
FNH:0
LF:28
LH:0
BRF:8
BRH:0
end_of_record
TN:
SF:testnet/leaves/ReferralTestnet.sol
FN:15,ReferralTestnet.load
FNDA:0,ReferralTestnet.load
DA:16,0
DA:16,0
DA:16,0
DA:19,0
DA:19,0
FN:23,ReferralTestnet.getReferrerAddress
FNDA:0,ReferralTestnet.getReferrerAddress
DA:24,0
DA:24,0
BRDA:24,0,0,-
BRDA:24,0,1,-
DA:25,0
DA:25,0
DA:27,0
DA:27,0
FNF:2
FNH:0
LF:5
LH:0
BRF:2
BRH:0
end_of_record
